ARM GAS  C:\Users\DJESSOU\AppData\Local\Temp\cc7AEhdd.s 			page 1


   1              		.arch armv8.1-m.main
   2              		.fpu fpv5-d16
   3              		.arch_extension dsp
   4              		.arch_extension fp
   5              		.arch_extension fp.dp
   6              		.arch_extension mve
   7              		.arch_extension mve.fp
   8              		.eabi_attribute 5, "cortex-m55"
   9              		.eabi_attribute 28, 1
  10              		.eabi_attribute 20, 1
  11              		.eabi_attribute 21, 1
  12              		.eabi_attribute 23, 3
  13              		.eabi_attribute 24, 1
  14              		.eabi_attribute 25, 1
  15              		.eabi_attribute 26, 1
  16              		.eabi_attribute 30, 4
  17              		.eabi_attribute 34, 1
  18              		.eabi_attribute 38, 1
  19              		.eabi_attribute 18, 4
  20              		.file	"app_postprocess_od_blazeface_uf.c"
  21              		.text
  22              	.Ltext0:
  23              		.cfi_sections	.debug_frame
  24              		.file 1 "Lib/ai-postprocessing-wrapper/app_postprocess_od_blazeface_uf.c"
  25              	.Letext0:
ARM GAS  C:\Users\DJESSOU\AppData\Local\Temp\cc7AEhdd.s 			page 2


DEFINED SYMBOLS
                            *ABS*:00000000 app_postprocess_od_blazeface_uf.c
                           .group:00000000 wm4.0.c530a555507323ed657a04d5a22acbf4
                           .group:00000000 wm4._newlib_version.h.4.411db44ea2338a62eca2f0777f81481b
                           .group:00000000 wm4.features.h.33.e0c9f337c65cb9f22ed5f23d082bc78b
                           .group:00000000 wm4._default_types.h.15.247e5cd201eca3442cbf5404108c4935
                           .group:00000000 wm4._intsup.h.10.48bafbb683905c4daa4565a85aeeb264
                           .group:00000000 wm4._stdint.h.10.c24fa3af3bc1706662bb5593a907e841
                           .group:00000000 wm4.stdint.h.23.d53047a68f4a85177f80b422d52785ed
                           .group:00000000 wm4.stddef.h.39.0dc9006b34572d4d9cae4c8b422c4971
                           .group:00000000 wm4.stai.h.24.ddd618ce0ba6fb7aa0eecae2c221570b
                           .group:00000000 wm4.stdbool.h.29.c08aa3eec75cf5b9b5003883f43253f0
                           .group:00000000 wm4.stai.h.38.8b7b3b20574e05eb8d4bb79c3a135768
                           .group:00000000 wm4.od_pp_output_if.h.11.62a3da738caf687aa42d96759c237b2c
                           .group:00000000 wm4.arm_math_types.h.28.9e71aea5cdf6aebdd83091bf39b4832a
                           .group:00000000 wm4.arm_acle.h.28.ce8f475a5cc50333e54ae4adeb8c0298
                           .group:00000000 wm4.cmsis_gcc.h.39.eba7438bc45fd1a6e6376b63ffe44436
                           .group:00000000 wm4.cmsis_gcc_m.h.24.e590ec51aeda3a1242400351d73f5dce
                           .group:00000000 wm4.newlib.h.7.a37ffbe9e5aff74303f4e60b1cc1c01b
                           .group:00000000 wm4.ieeefp.h.77.bd5feb87d9990dd328793ced294f6a87
                           .group:00000000 wm4.config.h.224.10ee1ad185d877c6e334e6581faab44d
                           .group:00000000 wm4._ansi.h.31.de524f58584151836e90d8620a16f8e8
                           .group:00000000 wm4.cdefs.h.49.70fc7af612f78ddcace70fdd90b5623b
                           .group:00000000 wm4._types.h.20.dd0d04dca3800a0d2a6129b87f3adbb2
                           .group:00000000 wm4.stddef.h.158.6f8e08a347b1cff664332fa350bfceb3
                           .group:00000000 wm4._types.h.127.3bdfe3ff8ea2d0985b03d9cbe93480e3
                           .group:00000000 wm4.reent.h.18.25503cdc8b7e55dd0d6ea7b3e5af7a03
                           .group:00000000 wm4.lock.h.2.1461d1fff82dffe8bfddc23307f6484f
                           .group:00000000 wm4.reent.h.78.6b87466b04591b1f1cb88c14fdf2ba9e
                           .group:00000000 wm4.string.h.15.dab3980bf35408a4c507182805e2de3a
                           .group:00000000 wm4.stddef.h.158.eec8bf00b5213f43d095cb984c5f22e3
                           .group:00000000 wm4.string.h.177.59a005921fa78485abc80a0267de5752
                           .group:00000000 wm4.math.h.13.47cfc34cae8a1153323939c4d32cf7c2
                           .group:00000000 wm4.float.h.29.0e9d9baf95ec39f9555dc80c6e28186b
                           .group:00000000 wm4.syslimits.h.34.de5cbd310098bc5895998b6bde577ed2
                           .group:00000000 wm4.limits.h.9.70fb0ada6f71b16202a66baaa6d8ea70
                           .group:00000000 wm4.limits.h.60.56a1ae353e2028a24298ec6463b8b593
                           .group:00000000 wm4.arm_math_types.h.116.3e44bd031718f65bdb345972ddc8cf86
                           .group:00000000 wm4.arm_mve.h.38.47b22bbd301ce82bc6dafd1a387f65a3
                           .group:00000000 wm4.arm_math_types.h.605.32c5d7843b3dcaa8f5174feea7de7445
                           .group:00000000 wm4.arm_math_memory.h.28.3ee75b06517df8378241b72d6c61e5b0
                           .group:00000000 wm4.none.h.185.db055cca83e83f96d8d0bb450fbdf4bb
                           .group:00000000 wm4.utils.h.41.820d6032ed1c0d7dd5bd2ed80938ee65
                           .group:00000000 wm4.fast_math_functions.h.28.aa389abd5521cfceab0e76a6af3dd2e2
                           .group:00000000 wm4.matrix_functions.h.28.8fc8488c73b2d6f328b0946db3460102
                           .group:00000000 wm4.controller_functions.h.28.388735b97ccd96442b0ac9e554629f36
                           .group:00000000 wm4.filtering_functions.h.46.6cf1424fb1f86d5f9958d208b83340a1
                           .group:00000000 wm4.mpe_pp_output_if.h.11.db0dd5ceb87072354c56b51e8f9b2a0d
                           .group:00000000 wm4.pd_pp_output_if.h.19.b7de9bd1876930668a82409743b6dbf4
                           .group:00000000 wm4.spe_pp_output_if.h.11.cb67d0d15a71c95e0e8b7fee8a9755fe
                           .group:00000000 wm4.iseg_pp_output_if.h.11.df7e791a4e783022a9fba78cdb1c05d4
                           .group:00000000 wm4.sseg_pp_output_if.h.11.caf00fb1ae24f8dc9c80bee7827b96f2
                           .group:00000000 wm4.fd_pp_output_if.h.11.55d9221e24521333a11e600e0275a430
                           .group:00000000 wm4.app_postprocess.h.52.699af388c8aba32a4eb04b7495c3e56e
                           .group:00000000 wm4.ll_aton_config.h.20.27cfa9f6f5afc4105991355367358a39
                           .group:00000000 wm4.ll_aton_attributes.h.20.26d469460cb32db5740effdc8cc403f3
                           .group:00000000 wm4.ll_aton_cipher.h.20.e98fdae11c912f4036a83cedb835e14e
ARM GAS  C:\Users\DJESSOU\AppData\Local\Temp\cc7AEhdd.s 			page 3


                           .group:00000000 wm4.assert.h.11.db24e541f16414db224bf986d21017e2
                           .group:00000000 wm4.errno.h.2.ba016d646105af6cad23be83630b6a3f
                           .group:00000000 wm4.errno.h.9.ae5ea2b0ff9ea6e39e585807e35200d3
                           .group:00000000 wm4.stdio.h.27.3fc80220048df77954e38daec3bb9670
                           .group:00000000 wm4.stdarg.h.34.3a23a216c0c293b3d2ea2e89281481e6
                           .group:00000000 wm4.stdio.h.47.dc31ec4674d7bcb103c9f08809549f45
                           .group:00000000 wm4.stdio.h.2.4aa87247282eca6c8f36f9de33d8df1a
                           .group:00000000 wm4.stdio.h.87.a1e20d2651f9bfb66e51bfbe849db00a
                           .group:00000000 wm4.ll_aton_util.h.34.9098eaa90d3d72b819973556e3e5fe44
                           .group:00000000 wm4.FreeRTOS.h.59.647b1b0da38e4e98108aae13c8abe9ee
                           .group:00000000 wm4.assert.h.11.d99a111e320bc5106fc4046225782672
                           .group:00000000 wm4.FreeRTOSConfig.h.59.2629c72cff9e6dbe880a2dc225eae516
                           .group:00000000 wm4.FreeRTOS.h.80.7742fabaf5accf3762dc12f7f259a8a0
                           .group:00000000 wm4.projdefs.h.30.55a824156f299c075c33148a9fdadb99
                           .group:00000000 wm4.portmacro.h.30.cbb4b2da41f551c2a9904f0d03a1ce3e
                           .group:00000000 wm4.portmacrocommon.h.30.d5cb67896ab50a95311be7e023da5c4f
                           .group:00000000 wm4.portmacro.h.68.4051ecf710d074fb55b16d91dfebeeaa
                           .group:00000000 wm4.portable.h.61.d557c57974d490f056246a26cdcddd6c
                           .group:00000000 wm4.mpu_wrappers.h.30.ccc5f1a6903f941a88c268f5f62af3fe
                           .group:00000000 wm4.portable.h.189.522b8bd52a171d3fd1432ef06d0caa63
                           .group:00000000 wm4.FreeRTOS.h.102.fb871f3e464d99c5a57b3115545a02ad
                           .group:00000000 wm4.list.h.59.bce6419520cd4f5f98779a1530bf2118
                           .group:00000000 wm4.task.h.56.84290139c73b47f5b9aac361361a2a31
                           .group:00000000 wm4.queue.h.68.219f47fba8b59640449b84d04c5bd6d8
                           .group:00000000 wm4.semphr.h.40.c1a9c6f5bf0feb4da0b6a45d234a79d0
                           .group:00000000 wm4.ll_aton_platform.h.20.8f1d4e7781c282794886ffdd00ccd30b
                           .group:00000000 wm4.stm32n6xx.h.34.c523a1ffdf274a69e8802892c6776332
                           .group:00000000 wm4.stm32n657xx.h.26.acd272cb67318cc1a4791ce2f0720ca6
                           .group:00000000 wm4.cmsis_version.h.30.d128735bf87720f7436b74fefeb5043c
                           .group:00000000 wm4.core_cm55.h.67.25006a3ce7048d64bcddd2996d5fac93
                           .group:00000000 wm4.core_cm55.h.213.0528f46a674315ef8d35c4477e230358
                           .group:00000000 wm4.armv8m_mpu.h.24.bf28cc25bee30a7ff9d2f7a44a5e2230
                           .group:00000000 wm4.armv8m_pmu.h.24.6ded195d2625055391fd378c0e1d2519
                           .group:00000000 wm4.core_cm55.h.4477.396e822ef855bcfb932819ad48de1c4c
                           .group:00000000 wm4.armv7m_cachel1.h.24.936dd92d6e204a8d0b17d5e4ea4a356e
                           .group:00000000 wm4.stm32n657xx.h.575.78d331c417ec710388ced647138f735f
                           .group:00000000 wm4.stm32n6xx.h.116.b4247d9785590e7c5ec9234ffb2153bf
                           .group:00000000 wm4.ll_aton_platform.h.205.098bebcb126012e5dfc0544db0a7d4c8
                           .group:00000000 wm4.inttypes.h.14.b28deb26920e51e0da310220ef0f9003
                           .group:00000000 wm4.inttypes.h.28.684aa7736e7ecc9a6ffc44acc61c7a90
                           .group:00000000 wm4.ATONidxs.h.16.969ebf3fd32e13543179e6907b3869c9
                           .group:00000000 wm4.ATON.h.19.0bce86f27eb7ac354272c44c1804cd24
                           .group:00000000 wm4.ll_aton_rcompat.h.22.4788366561a5f8dfb37661f794bdd403
                           .group:00000000 wm4.ll_aton_platform.h.279.2fa1ab569e6816db5b603cc3ef09d875
                           .group:00000000 wm4.ll_aton_osal_freertos.h.63.1e66f105894f6ee9e5e9ee361a3df896
                           .group:00000000 wm4.ll_aton_osal.h.117.70ff644e90427fadc04622c387869938
                           .group:00000000 wm4.ll_aton_rt_user_api.h.71.52957347efa02883c6e8b1a7f756d297
                           .group:00000000 wm4.stai_debug.h.37.4be079c70c66033549ba26b63a31db94
                           .group:00000000 wm4.ll_aton_stai_internal.h.35.4ede4d59178f196dca4b635c5600498b
                           .group:00000000 wm4.stai_palm_detector.h.57.debf59e73409726805ff914e3324d286
                           .group:00000000 wm4.postprocess_conf.h.23.752829cd21603d5967ee3777a73fb300
                           .group:00000000 wm4.app_config.h.23.726746aecdeac4550fc4bca4b08fd195

NO UNDEFINED SYMBOLS
