ARM GAS  C:\Users\DJESSOU\AppData\Local\Temp\ccfWGf2k.s 			page 1


   1              		.arch armv8.1-m.main
   2              		.fpu fpv5-d16
   3              		.arch_extension dsp
   4              		.arch_extension fp
   5              		.arch_extension fp.dp
   6              		.arch_extension mve
   7              		.arch_extension mve.fp
   8              		.eabi_attribute 5, "cortex-m55"
   9              		.eabi_attribute 28, 1
  10              		.eabi_attribute 20, 1
  11              		.eabi_attribute 21, 1
  12              		.eabi_attribute 23, 3
  13              		.eabi_attribute 24, 1
  14              		.eabi_attribute 25, 1
  15              		.eabi_attribute 26, 1
  16              		.eabi_attribute 30, 4
  17              		.eabi_attribute 34, 1
  18              		.eabi_attribute 38, 1
  19              		.eabi_attribute 18, 4
  20              		.file	"cmw_utils.c"
  21              		.text
  22              	.Ltext0:
  23              		.cfi_sections	.debug_frame
  24              		.file 1 "Lib/Camera_Middleware/cmw_utils.c"
  25              		.section	.rodata.CMW_UTILS_get_dec_ratio_and_update.str1.1,"aMS",%progbits,1
  26              	.LC0:
  27 0000 3000     		.ascii	"0\000"
  28              	.LC1:
  29 0002 4C69622F 		.ascii	"Lib/Camera_Middleware/cmw_utils.c\000"
  29      43616D65 
  29      72615F4D 
  29      6964646C 
  29      65776172 
  30              		.section	.text.CMW_UTILS_get_dec_ratio_and_update,"ax",%progbits
  31              		.align	1
  32              		.syntax unified
  33              		.thumb
  34              		.thumb_func
  36              	CMW_UTILS_get_dec_ratio_and_update:
  37              	.LVL0:
  38              	.LFB871:
   1:Lib/Camera_Middleware/cmw_utils.c ****  /**
   2:Lib/Camera_Middleware/cmw_utils.c ****  ******************************************************************************
   3:Lib/Camera_Middleware/cmw_utils.c ****  * @file    cmw_utils.c
   4:Lib/Camera_Middleware/cmw_utils.c ****  * @author  GPM Application Team
   5:Lib/Camera_Middleware/cmw_utils.c ****  *
   6:Lib/Camera_Middleware/cmw_utils.c ****  ******************************************************************************
   7:Lib/Camera_Middleware/cmw_utils.c ****  * @attention
   8:Lib/Camera_Middleware/cmw_utils.c ****  *
   9:Lib/Camera_Middleware/cmw_utils.c ****  * Copyright (c) 2024 STMicroelectronics.
  10:Lib/Camera_Middleware/cmw_utils.c ****  * All rights reserved.
  11:Lib/Camera_Middleware/cmw_utils.c ****  *
  12:Lib/Camera_Middleware/cmw_utils.c ****  * This software is licensed under terms that can be found in the LICENSE file
  13:Lib/Camera_Middleware/cmw_utils.c ****  * in the root directory of this software component.
  14:Lib/Camera_Middleware/cmw_utils.c ****  * If no LICENSE file comes with this software, it is provided AS-IS.
  15:Lib/Camera_Middleware/cmw_utils.c ****  *
  16:Lib/Camera_Middleware/cmw_utils.c ****  ******************************************************************************
ARM GAS  C:\Users\DJESSOU\AppData\Local\Temp\ccfWGf2k.s 			page 2


  17:Lib/Camera_Middleware/cmw_utils.c ****  */
  18:Lib/Camera_Middleware/cmw_utils.c **** 
  19:Lib/Camera_Middleware/cmw_utils.c **** #include "cmw_utils.h"
  20:Lib/Camera_Middleware/cmw_utils.c **** 
  21:Lib/Camera_Middleware/cmw_utils.c **** #include <assert.h>
  22:Lib/Camera_Middleware/cmw_utils.c **** #include "stm32n6xx_hal_dcmipp.h"
  23:Lib/Camera_Middleware/cmw_utils.c **** 
  24:Lib/Camera_Middleware/cmw_utils.c **** #ifndef MIN
  25:Lib/Camera_Middleware/cmw_utils.c **** #define MIN(a,b) ((a)<(b)?(a):(b))
  26:Lib/Camera_Middleware/cmw_utils.c **** #endif
  27:Lib/Camera_Middleware/cmw_utils.c **** 
  28:Lib/Camera_Middleware/cmw_utils.c **** #ifndef MAX
  29:Lib/Camera_Middleware/cmw_utils.c **** #define MAX(a,b) ((a)>(b)?(a):(b))
  30:Lib/Camera_Middleware/cmw_utils.c **** #endif
  31:Lib/Camera_Middleware/cmw_utils.c **** 
  32:Lib/Camera_Middleware/cmw_utils.c **** 
  33:Lib/Camera_Middleware/cmw_utils.c **** 
  34:Lib/Camera_Middleware/cmw_utils.c **** 
  35:Lib/Camera_Middleware/cmw_utils.c **** 
  36:Lib/Camera_Middleware/cmw_utils.c **** 
  37:Lib/Camera_Middleware/cmw_utils.c **** static void CMW_UTILS_get_crop_config(uint32_t cam_width, uint32_t cam_height, uint32_t pipe_width,
  38:Lib/Camera_Middleware/cmw_utils.c ****                                       uint32_t pipe_height, DCMIPP_CropConfTypeDef *crop);
  39:Lib/Camera_Middleware/cmw_utils.c **** static void CMW_UTILS_get_crop_config_from_manual(CMW_Manual_roi_area_t *conf, DCMIPP_CropConfTypeD
  40:Lib/Camera_Middleware/cmw_utils.c **** static void CMW_UTILS_get_down_config(float ratio_width, float ratio_height, int width, int height,
  41:Lib/Camera_Middleware/cmw_utils.c ****                                       DCMIPP_DownsizeTypeDef *down);
  42:Lib/Camera_Middleware/cmw_utils.c **** static uint32_t CMW_UTILS_get_dec_ratio_and_update(float *ratio, int is_vertical);
  43:Lib/Camera_Middleware/cmw_utils.c **** static void CMW_UTILS_get_scale_configs(CMW_DCMIPP_Conf_t *p_conf, float ratio_width, float ratio_h
  44:Lib/Camera_Middleware/cmw_utils.c ****                                        DCMIPP_DecimationConfTypeDef *dec, DCMIPP_DownsizeTypeDef *d
  45:Lib/Camera_Middleware/cmw_utils.c **** 
  46:Lib/Camera_Middleware/cmw_utils.c **** void CMW_UTILS_GetPipeConfig(uint32_t cam_width, uint32_t cam_height, CMW_DCMIPP_Conf_t *p_conf,
  47:Lib/Camera_Middleware/cmw_utils.c ****                              DCMIPP_CropConfTypeDef *crop, DCMIPP_DecimationConfTypeDef *dec,
  48:Lib/Camera_Middleware/cmw_utils.c ****                              DCMIPP_DownsizeTypeDef *down)
  49:Lib/Camera_Middleware/cmw_utils.c **** {
  50:Lib/Camera_Middleware/cmw_utils.c ****   float ratio_height = 0;
  51:Lib/Camera_Middleware/cmw_utils.c ****   float ratio_width = 0;
  52:Lib/Camera_Middleware/cmw_utils.c **** 
  53:Lib/Camera_Middleware/cmw_utils.c ****   if (p_conf->mode == CMW_Aspect_ratio_crop)
  54:Lib/Camera_Middleware/cmw_utils.c ****   {
  55:Lib/Camera_Middleware/cmw_utils.c ****     CMW_UTILS_get_crop_config(cam_width, cam_height, p_conf->output_width, p_conf->output_height, c
  56:Lib/Camera_Middleware/cmw_utils.c ****     ratio_width = (float)crop->HSize / p_conf->output_width;
  57:Lib/Camera_Middleware/cmw_utils.c ****     ratio_height = (float)crop->VSize / p_conf->output_height;
  58:Lib/Camera_Middleware/cmw_utils.c ****   }
  59:Lib/Camera_Middleware/cmw_utils.c ****   else if (p_conf->mode == CMW_Aspect_ratio_fit)
  60:Lib/Camera_Middleware/cmw_utils.c ****   {
  61:Lib/Camera_Middleware/cmw_utils.c ****     ratio_width = (float)cam_width / p_conf->output_width;
  62:Lib/Camera_Middleware/cmw_utils.c ****     ratio_height = (float)cam_height / p_conf->output_height;
  63:Lib/Camera_Middleware/cmw_utils.c ****   }
  64:Lib/Camera_Middleware/cmw_utils.c ****   else if (p_conf->mode == CMW_Aspect_ratio_fullscreen)
  65:Lib/Camera_Middleware/cmw_utils.c ****   {
  66:Lib/Camera_Middleware/cmw_utils.c ****     ratio_height = (float) cam_height / p_conf->output_height;
  67:Lib/Camera_Middleware/cmw_utils.c ****     ratio_width = (float) ratio_height;
  68:Lib/Camera_Middleware/cmw_utils.c ****   }
  69:Lib/Camera_Middleware/cmw_utils.c ****   else
  70:Lib/Camera_Middleware/cmw_utils.c ****   {
  71:Lib/Camera_Middleware/cmw_utils.c ****     CMW_UTILS_get_crop_config_from_manual(&p_conf->manual_conf, crop);
  72:Lib/Camera_Middleware/cmw_utils.c ****     ratio_width = (float)crop->HSize / p_conf->output_width;
  73:Lib/Camera_Middleware/cmw_utils.c ****     ratio_height = (float)crop->VSize / p_conf->output_height;
ARM GAS  C:\Users\DJESSOU\AppData\Local\Temp\ccfWGf2k.s 			page 3


  74:Lib/Camera_Middleware/cmw_utils.c ****   }
  75:Lib/Camera_Middleware/cmw_utils.c **** 
  76:Lib/Camera_Middleware/cmw_utils.c ****   CMW_UTILS_get_scale_configs(p_conf, ratio_width, ratio_height, dec, down);
  77:Lib/Camera_Middleware/cmw_utils.c **** }
  78:Lib/Camera_Middleware/cmw_utils.c **** 
  79:Lib/Camera_Middleware/cmw_utils.c **** int32_t CMW_UTILS_getClosest_HAL_PHYBitrate(uint32_t val)
  80:Lib/Camera_Middleware/cmw_utils.c **** {
  81:Lib/Camera_Middleware/cmw_utils.c ****   static const uint32_t PHYBitrate_in_mps[][2] =
  82:Lib/Camera_Middleware/cmw_utils.c ****   {
  83:Lib/Camera_Middleware/cmw_utils.c ****     {DCMIPP_CSI_PHY_BT_80 , 80000000},
  84:Lib/Camera_Middleware/cmw_utils.c ****     {DCMIPP_CSI_PHY_BT_90 , 90000000},
  85:Lib/Camera_Middleware/cmw_utils.c ****     {DCMIPP_CSI_PHY_BT_100, 100000000},
  86:Lib/Camera_Middleware/cmw_utils.c ****     {DCMIPP_CSI_PHY_BT_110, 110000000},
  87:Lib/Camera_Middleware/cmw_utils.c ****     {DCMIPP_CSI_PHY_BT_120, 120000000},
  88:Lib/Camera_Middleware/cmw_utils.c ****     {DCMIPP_CSI_PHY_BT_130, 130000000},
  89:Lib/Camera_Middleware/cmw_utils.c ****     {DCMIPP_CSI_PHY_BT_140, 140000000},
  90:Lib/Camera_Middleware/cmw_utils.c ****     {DCMIPP_CSI_PHY_BT_150, 150000000},
  91:Lib/Camera_Middleware/cmw_utils.c ****     {DCMIPP_CSI_PHY_BT_160, 160000000},
  92:Lib/Camera_Middleware/cmw_utils.c ****     {DCMIPP_CSI_PHY_BT_170, 170000000},
  93:Lib/Camera_Middleware/cmw_utils.c ****     {DCMIPP_CSI_PHY_BT_180, 180000000},
  94:Lib/Camera_Middleware/cmw_utils.c ****     {DCMIPP_CSI_PHY_BT_190, 190000000},
  95:Lib/Camera_Middleware/cmw_utils.c ****     {DCMIPP_CSI_PHY_BT_205, 205000000},
  96:Lib/Camera_Middleware/cmw_utils.c ****     {DCMIPP_CSI_PHY_BT_220, 220000000},
  97:Lib/Camera_Middleware/cmw_utils.c ****     {DCMIPP_CSI_PHY_BT_235, 235000000},
  98:Lib/Camera_Middleware/cmw_utils.c ****     {DCMIPP_CSI_PHY_BT_250, 250000000},
  99:Lib/Camera_Middleware/cmw_utils.c ****     {DCMIPP_CSI_PHY_BT_275, 275000000},
 100:Lib/Camera_Middleware/cmw_utils.c ****     {DCMIPP_CSI_PHY_BT_300, 300000000},
 101:Lib/Camera_Middleware/cmw_utils.c ****     {DCMIPP_CSI_PHY_BT_325, 325000000},
 102:Lib/Camera_Middleware/cmw_utils.c ****     {DCMIPP_CSI_PHY_BT_350, 350000000},
 103:Lib/Camera_Middleware/cmw_utils.c ****     {DCMIPP_CSI_PHY_BT_400, 400000000},
 104:Lib/Camera_Middleware/cmw_utils.c ****     {DCMIPP_CSI_PHY_BT_450, 450000000},
 105:Lib/Camera_Middleware/cmw_utils.c ****     {DCMIPP_CSI_PHY_BT_500, 500000000},
 106:Lib/Camera_Middleware/cmw_utils.c ****     {DCMIPP_CSI_PHY_BT_550, 550000000},
 107:Lib/Camera_Middleware/cmw_utils.c ****     {DCMIPP_CSI_PHY_BT_600, 600000000},
 108:Lib/Camera_Middleware/cmw_utils.c ****     {DCMIPP_CSI_PHY_BT_650, 650000000},
 109:Lib/Camera_Middleware/cmw_utils.c ****     {DCMIPP_CSI_PHY_BT_700, 700000000},
 110:Lib/Camera_Middleware/cmw_utils.c ****     {DCMIPP_CSI_PHY_BT_750, 750000000},
 111:Lib/Camera_Middleware/cmw_utils.c ****     {DCMIPP_CSI_PHY_BT_800, 800000000},
 112:Lib/Camera_Middleware/cmw_utils.c ****     {DCMIPP_CSI_PHY_BT_850, 850000000},
 113:Lib/Camera_Middleware/cmw_utils.c ****     {DCMIPP_CSI_PHY_BT_900, 900000000},
 114:Lib/Camera_Middleware/cmw_utils.c ****     {DCMIPP_CSI_PHY_BT_950, 950000000},
 115:Lib/Camera_Middleware/cmw_utils.c ****     {DCMIPP_CSI_PHY_BT_1000, 1000000000},
 116:Lib/Camera_Middleware/cmw_utils.c ****     {DCMIPP_CSI_PHY_BT_1050, 1050000000},
 117:Lib/Camera_Middleware/cmw_utils.c ****     {DCMIPP_CSI_PHY_BT_1100, 1100000000},
 118:Lib/Camera_Middleware/cmw_utils.c ****     {DCMIPP_CSI_PHY_BT_1150, 1150000000},
 119:Lib/Camera_Middleware/cmw_utils.c ****     {DCMIPP_CSI_PHY_BT_1200, 1200000000},
 120:Lib/Camera_Middleware/cmw_utils.c ****     {DCMIPP_CSI_PHY_BT_1250, 1250000000},
 121:Lib/Camera_Middleware/cmw_utils.c ****     {DCMIPP_CSI_PHY_BT_1300, 1300000000},
 122:Lib/Camera_Middleware/cmw_utils.c ****     {DCMIPP_CSI_PHY_BT_1350, 1350000000},
 123:Lib/Camera_Middleware/cmw_utils.c ****     {DCMIPP_CSI_PHY_BT_1400, 1400000000},
 124:Lib/Camera_Middleware/cmw_utils.c ****     {DCMIPP_CSI_PHY_BT_1450, 1450000000},
 125:Lib/Camera_Middleware/cmw_utils.c ****     {DCMIPP_CSI_PHY_BT_1500, 1500000000},
 126:Lib/Camera_Middleware/cmw_utils.c ****     {DCMIPP_CSI_PHY_BT_1550, 1550000000},
 127:Lib/Camera_Middleware/cmw_utils.c ****     {DCMIPP_CSI_PHY_BT_1600, 1600000000},
 128:Lib/Camera_Middleware/cmw_utils.c ****     {DCMIPP_CSI_PHY_BT_1650, 1650000000},
 129:Lib/Camera_Middleware/cmw_utils.c ****     {DCMIPP_CSI_PHY_BT_1700, 1700000000},
 130:Lib/Camera_Middleware/cmw_utils.c ****     {DCMIPP_CSI_PHY_BT_1750, 1750000000},
ARM GAS  C:\Users\DJESSOU\AppData\Local\Temp\ccfWGf2k.s 			page 4


 131:Lib/Camera_Middleware/cmw_utils.c ****     {DCMIPP_CSI_PHY_BT_1800, 1800000000},
 132:Lib/Camera_Middleware/cmw_utils.c ****     {DCMIPP_CSI_PHY_BT_1850, 1850000000},
 133:Lib/Camera_Middleware/cmw_utils.c ****     {DCMIPP_CSI_PHY_BT_1900, 1900000000},
 134:Lib/Camera_Middleware/cmw_utils.c ****     {DCMIPP_CSI_PHY_BT_1950, 1950000000},
 135:Lib/Camera_Middleware/cmw_utils.c ****     {DCMIPP_CSI_PHY_BT_2000, 2000000000},
 136:Lib/Camera_Middleware/cmw_utils.c ****     {DCMIPP_CSI_PHY_BT_2050, 2050000000},
 137:Lib/Camera_Middleware/cmw_utils.c ****     {DCMIPP_CSI_PHY_BT_2100, 2100000000},
 138:Lib/Camera_Middleware/cmw_utils.c ****     {DCMIPP_CSI_PHY_BT_2150, 2150000000},
 139:Lib/Camera_Middleware/cmw_utils.c ****     {DCMIPP_CSI_PHY_BT_2200, 2200000000},
 140:Lib/Camera_Middleware/cmw_utils.c ****     {DCMIPP_CSI_PHY_BT_2250, 2250000000},
 141:Lib/Camera_Middleware/cmw_utils.c ****     {DCMIPP_CSI_PHY_BT_2300, 2300000000},
 142:Lib/Camera_Middleware/cmw_utils.c ****     {DCMIPP_CSI_PHY_BT_2350, 2350000000},
 143:Lib/Camera_Middleware/cmw_utils.c ****     {DCMIPP_CSI_PHY_BT_2400, 2400000000},
 144:Lib/Camera_Middleware/cmw_utils.c ****     {DCMIPP_CSI_PHY_BT_2450, 2450000000},
 145:Lib/Camera_Middleware/cmw_utils.c ****     {DCMIPP_CSI_PHY_BT_2500, 2500000000}
 146:Lib/Camera_Middleware/cmw_utils.c ****   };
 147:Lib/Camera_Middleware/cmw_utils.c **** 
 148:Lib/Camera_Middleware/cmw_utils.c ****   uint32_t closest_i = PHYBitrate_in_mps[0][0];
 149:Lib/Camera_Middleware/cmw_utils.c ****   int32_t min_diff = abs((int32_t)val - (int32_t)PHYBitrate_in_mps[0][1]);
 150:Lib/Camera_Middleware/cmw_utils.c ****   size_t size = sizeof(PHYBitrate_in_mps) / sizeof(PHYBitrate_in_mps[0]);
 151:Lib/Camera_Middleware/cmw_utils.c **** 
 152:Lib/Camera_Middleware/cmw_utils.c ****   if (size == 0)
 153:Lib/Camera_Middleware/cmw_utils.c ****   {
 154:Lib/Camera_Middleware/cmw_utils.c ****       return -1;
 155:Lib/Camera_Middleware/cmw_utils.c ****   }
 156:Lib/Camera_Middleware/cmw_utils.c ****   for (size_t i = 1; i < size; i++)
 157:Lib/Camera_Middleware/cmw_utils.c ****   {
 158:Lib/Camera_Middleware/cmw_utils.c ****       int32_t diff = abs((int32_t)val - (int32_t)PHYBitrate_in_mps[i][1]);
 159:Lib/Camera_Middleware/cmw_utils.c ****       if (diff < min_diff)
 160:Lib/Camera_Middleware/cmw_utils.c ****       {
 161:Lib/Camera_Middleware/cmw_utils.c ****           min_diff = diff;
 162:Lib/Camera_Middleware/cmw_utils.c ****           closest_i = PHYBitrate_in_mps[i][0];
 163:Lib/Camera_Middleware/cmw_utils.c ****       }
 164:Lib/Camera_Middleware/cmw_utils.c ****   }
 165:Lib/Camera_Middleware/cmw_utils.c ****   return closest_i;
 166:Lib/Camera_Middleware/cmw_utils.c **** }
 167:Lib/Camera_Middleware/cmw_utils.c **** 
 168:Lib/Camera_Middleware/cmw_utils.c **** static void CMW_UTILS_get_crop_config(uint32_t cam_width, uint32_t cam_height, uint32_t pipe_width,
 169:Lib/Camera_Middleware/cmw_utils.c **** {
 170:Lib/Camera_Middleware/cmw_utils.c ****   const float ratio_width = (float)cam_width / pipe_width ;
 171:Lib/Camera_Middleware/cmw_utils.c ****   const float ratio_height = (float)cam_height / pipe_height;
 172:Lib/Camera_Middleware/cmw_utils.c ****   const float ratio = MIN(ratio_width, ratio_height);
 173:Lib/Camera_Middleware/cmw_utils.c **** 
 174:Lib/Camera_Middleware/cmw_utils.c ****   assert(ratio >= 1);
 175:Lib/Camera_Middleware/cmw_utils.c ****   assert(ratio < 64);
 176:Lib/Camera_Middleware/cmw_utils.c **** 
 177:Lib/Camera_Middleware/cmw_utils.c ****   crop->HSize = (uint32_t) MIN(pipe_width * ratio, cam_width);
 178:Lib/Camera_Middleware/cmw_utils.c ****   crop->VSize = (uint32_t) MIN(pipe_height * ratio, cam_height);
 179:Lib/Camera_Middleware/cmw_utils.c ****   crop->HStart = (cam_width - crop->HSize + 1) / 2;
 180:Lib/Camera_Middleware/cmw_utils.c ****   crop->VStart = (cam_height - crop->VSize + 1) / 2;
 181:Lib/Camera_Middleware/cmw_utils.c ****   crop->PipeArea = DCMIPP_POSITIVE_AREA;
 182:Lib/Camera_Middleware/cmw_utils.c **** }
 183:Lib/Camera_Middleware/cmw_utils.c **** 
 184:Lib/Camera_Middleware/cmw_utils.c **** static void CMW_UTILS_get_crop_config_from_manual(CMW_Manual_roi_area_t *roi, DCMIPP_CropConfTypeDe
 185:Lib/Camera_Middleware/cmw_utils.c **** {
 186:Lib/Camera_Middleware/cmw_utils.c ****   crop->HSize = roi->width;
 187:Lib/Camera_Middleware/cmw_utils.c ****   crop->VSize = roi->height;
ARM GAS  C:\Users\DJESSOU\AppData\Local\Temp\ccfWGf2k.s 			page 5


 188:Lib/Camera_Middleware/cmw_utils.c ****   crop->HStart = roi->offset_x;
 189:Lib/Camera_Middleware/cmw_utils.c ****   crop->VStart = roi->offset_y;
 190:Lib/Camera_Middleware/cmw_utils.c **** }
 191:Lib/Camera_Middleware/cmw_utils.c **** 
 192:Lib/Camera_Middleware/cmw_utils.c **** static void CMW_UTILS_get_down_config(float ratio_width, float ratio_height, int width, int height,
 193:Lib/Camera_Middleware/cmw_utils.c **** {
 194:Lib/Camera_Middleware/cmw_utils.c ****   down->HRatio = (uint32_t) (8192 * ratio_width);
 195:Lib/Camera_Middleware/cmw_utils.c ****   down->VRatio = (uint32_t) (8192 * ratio_height);
 196:Lib/Camera_Middleware/cmw_utils.c ****   down->HDivFactor = (1024 * 8192 - 1) / down->HRatio;
 197:Lib/Camera_Middleware/cmw_utils.c ****   down->VDivFactor = (1024 * 8192 - 1) / down->VRatio;
 198:Lib/Camera_Middleware/cmw_utils.c ****   down->HSize = width;
 199:Lib/Camera_Middleware/cmw_utils.c ****   down->VSize = height;
 200:Lib/Camera_Middleware/cmw_utils.c **** }
 201:Lib/Camera_Middleware/cmw_utils.c **** 
 202:Lib/Camera_Middleware/cmw_utils.c **** static uint32_t CMW_UTILS_get_dec_ratio_from_decimal_ratio(int dec_ratio, int is_vertical)
 203:Lib/Camera_Middleware/cmw_utils.c **** {
 204:Lib/Camera_Middleware/cmw_utils.c ****   switch (dec_ratio) {
 205:Lib/Camera_Middleware/cmw_utils.c ****   case 1:
 206:Lib/Camera_Middleware/cmw_utils.c ****     return is_vertical ? DCMIPP_VDEC_ALL : DCMIPP_HDEC_ALL;
 207:Lib/Camera_Middleware/cmw_utils.c ****   case 2:
 208:Lib/Camera_Middleware/cmw_utils.c ****     return is_vertical ? DCMIPP_VDEC_1_OUT_2 : DCMIPP_HDEC_1_OUT_2;
 209:Lib/Camera_Middleware/cmw_utils.c ****   case 4:
 210:Lib/Camera_Middleware/cmw_utils.c ****     return is_vertical ? DCMIPP_VDEC_1_OUT_4 : DCMIPP_HDEC_1_OUT_4;
 211:Lib/Camera_Middleware/cmw_utils.c ****   case 8:
 212:Lib/Camera_Middleware/cmw_utils.c ****     return is_vertical ? DCMIPP_VDEC_1_OUT_8 : DCMIPP_HDEC_1_OUT_8;
 213:Lib/Camera_Middleware/cmw_utils.c ****   default:
 214:Lib/Camera_Middleware/cmw_utils.c ****     assert(0);
 215:Lib/Camera_Middleware/cmw_utils.c ****   }
 216:Lib/Camera_Middleware/cmw_utils.c **** 
 217:Lib/Camera_Middleware/cmw_utils.c ****   return is_vertical ? DCMIPP_VDEC_ALL : DCMIPP_HDEC_ALL;
 218:Lib/Camera_Middleware/cmw_utils.c **** }
 219:Lib/Camera_Middleware/cmw_utils.c **** 
 220:Lib/Camera_Middleware/cmw_utils.c **** static uint32_t CMW_UTILS_get_dec_ratio_and_update(float *ratio, int is_vertical)
 221:Lib/Camera_Middleware/cmw_utils.c **** {
  39              		.loc 1 221 1 view -0
  40              		.cfi_startproc
  41              		@ args = 0, pretend = 0, frame = 0
  42              		@ frame_needed = 0, uses_anonymous_args = 0
 222:Lib/Camera_Middleware/cmw_utils.c ****   int dec_ratio = 1;
  43              		.loc 1 222 3 view .LVU1
 223:Lib/Camera_Middleware/cmw_utils.c **** 
 224:Lib/Camera_Middleware/cmw_utils.c ****   while (*ratio >= 8) {
  44              		.loc 1 224 3 view .LVU2
 221:Lib/Camera_Middleware/cmw_utils.c ****   int dec_ratio = 1;
  45              		.loc 1 221 1 is_stmt 0 view .LVU3
  46 0000 08B5     		push	{r3, lr}
  47              		.cfi_def_cfa_offset 8
  48              		.cfi_offset 3, -8
  49              		.cfi_offset 14, -4
  50              		.loc 1 224 17 view .LVU4
  51 0002 B2EE007A 		vmov.f32	s14, #8.0e+0
 222:Lib/Camera_Middleware/cmw_utils.c ****   int dec_ratio = 1;
  52              		.loc 1 222 7 view .LVU5
  53 0006 0123     		movs	r3, #1
 225:Lib/Camera_Middleware/cmw_utils.c ****     dec_ratio *= 2;
 226:Lib/Camera_Middleware/cmw_utils.c ****     *ratio /= 2;
  54              		.loc 1 226 12 view .LVU6
ARM GAS  C:\Users\DJESSOU\AppData\Local\Temp\ccfWGf2k.s 			page 6


  55 0008 F6EE006A 		vmov.f32	s13, #5.0e-1
  56              	.LVL1:
  57              	.L2:
 224:Lib/Camera_Middleware/cmw_utils.c ****     dec_ratio *= 2;
  58              		.loc 1 224 17 is_stmt 1 view .LVU7
 224:Lib/Camera_Middleware/cmw_utils.c ****     dec_ratio *= 2;
  59              		.loc 1 224 10 is_stmt 0 view .LVU8
  60 000c D0ED007A 		vldr.32	s15, [r0]
 224:Lib/Camera_Middleware/cmw_utils.c ****     dec_ratio *= 2;
  61              		.loc 1 224 17 view .LVU9
  62 0010 F4EEC77A 		vcmpe.f32	s15, s14
  63 0014 F1EE10FA 		vmrs	APSR_nzcv, FPSCR
  64 0018 08DA     		bge	.L3
 227:Lib/Camera_Middleware/cmw_utils.c ****   }
 228:Lib/Camera_Middleware/cmw_utils.c **** 
 229:Lib/Camera_Middleware/cmw_utils.c ****   return CMW_UTILS_get_dec_ratio_from_decimal_ratio(dec_ratio, is_vertical);
  65              		.loc 1 229 3 is_stmt 1 view .LVU10
  66              	.LVL2:
  67              	.LBB4:
  68              	.LBI4:
 202:Lib/Camera_Middleware/cmw_utils.c **** {
  69              		.loc 1 202 17 view .LVU11
  70              	.LBB5:
 204:Lib/Camera_Middleware/cmw_utils.c ****   case 1:
  71              		.loc 1 204 3 view .LVU12
  72 001a 013B     		subs	r3, r3, #1
  73              	.LVL3:
 204:Lib/Camera_Middleware/cmw_utils.c ****   case 1:
  74              		.loc 1 204 3 is_stmt 0 view .LVU13
  75 001c 072B     		cmp	r3, #7
  76 001e 1AD8     		bhi	.L4
  77 0020 DFE803F0 		tbb	[pc, r3]
  78              	.L6:
  79 0024 1F       		.byte	(.L10-.L6)/2
  80 0025 0A       		.byte	(.L8-.L6)/2
  81 0026 19       		.byte	(.L4-.L6)/2
  82 0027 0F       		.byte	(.L7-.L6)/2
  83 0028 19       		.byte	(.L4-.L6)/2
  84 0029 19       		.byte	(.L4-.L6)/2
  85 002a 19       		.byte	(.L4-.L6)/2
  86 002b 14       		.byte	(.L5-.L6)/2
  87              	.LVL4:
  88              		.p2align 1
  89              	.L3:
 204:Lib/Camera_Middleware/cmw_utils.c ****   case 1:
  90              		.loc 1 204 3 view .LVU14
  91              	.LBE5:
  92              	.LBE4:
 225:Lib/Camera_Middleware/cmw_utils.c ****     *ratio /= 2;
  93              		.loc 1 225 5 is_stmt 1 view .LVU15
 226:Lib/Camera_Middleware/cmw_utils.c ****   }
  94              		.loc 1 226 12 is_stmt 0 view .LVU16
  95 002c 67EEA67A 		vmul.f32	s15, s15, s13
 225:Lib/Camera_Middleware/cmw_utils.c ****     *ratio /= 2;
  96              		.loc 1 225 15 view .LVU17
  97 0030 5B00     		lsls	r3, r3, #1
  98              	.LVL5:
ARM GAS  C:\Users\DJESSOU\AppData\Local\Temp\ccfWGf2k.s 			page 7


 226:Lib/Camera_Middleware/cmw_utils.c ****   }
  99              		.loc 1 226 5 is_stmt 1 view .LVU18
 226:Lib/Camera_Middleware/cmw_utils.c ****   }
 100              		.loc 1 226 12 is_stmt 0 view .LVU19
 101 0032 C0ED007A 		vstr.32	s15, [r0]
 102 0036 E9E7     		b	.L2
 103              	.LVL6:
 104              	.L8:
 105              	.LBB8:
 106              	.LBB6:
 208:Lib/Camera_Middleware/cmw_utils.c ****   case 4:
 107              		.loc 1 208 5 is_stmt 1 view .LVU20
 208:Lib/Camera_Middleware/cmw_utils.c ****   case 4:
 108              		.loc 1 208 46 is_stmt 0 discriminator 1 view .LVU21
 109 0038 0029     		cmp	r1, #0
 110 003a 0CBF     		ite	eq
 111 003c 0220     		moveq	r0, #2
 112              	.LVL7:
 208:Lib/Camera_Middleware/cmw_utils.c ****   case 4:
 113              		.loc 1 208 46 discriminator 1 view .LVU22
 114 003e 0820     		movne	r0, #8
 115              	.L1:
 208:Lib/Camera_Middleware/cmw_utils.c ****   case 4:
 116              		.loc 1 208 46 discriminator 1 view .LVU23
 117              	.LBE6:
 118              	.LBE8:
 230:Lib/Camera_Middleware/cmw_utils.c **** }
 119              		.loc 1 230 1 view .LVU24
 120 0040 08BD     		pop	{r3, pc}
 121              	.LVL8:
 122              	.L7:
 123              	.LBB9:
 124              	.LBB7:
 210:Lib/Camera_Middleware/cmw_utils.c ****   case 8:
 125              		.loc 1 210 5 is_stmt 1 view .LVU25
 210:Lib/Camera_Middleware/cmw_utils.c ****   case 8:
 126              		.loc 1 210 46 is_stmt 0 discriminator 1 view .LVU26
 127 0042 0029     		cmp	r1, #0
 128 0044 0CBF     		ite	eq
 129 0046 0420     		moveq	r0, #4
 130              	.LVL9:
 210:Lib/Camera_Middleware/cmw_utils.c ****   case 8:
 131              		.loc 1 210 46 discriminator 1 view .LVU27
 132 0048 1020     		movne	r0, #16
 133 004a F9E7     		b	.L1
 134              	.LVL10:
 135              	.L5:
 212:Lib/Camera_Middleware/cmw_utils.c ****   default:
 136              		.loc 1 212 5 is_stmt 1 view .LVU28
 212:Lib/Camera_Middleware/cmw_utils.c ****   default:
 137              		.loc 1 212 46 is_stmt 0 discriminator 1 view .LVU29
 138 004c 0029     		cmp	r1, #0
 139 004e 0CBF     		ite	eq
 140 0050 0620     		moveq	r0, #6
 141              	.LVL11:
 212:Lib/Camera_Middleware/cmw_utils.c ****   default:
 142              		.loc 1 212 46 discriminator 1 view .LVU30
ARM GAS  C:\Users\DJESSOU\AppData\Local\Temp\ccfWGf2k.s 			page 8


 143 0052 1820     		movne	r0, #24
 144 0054 F4E7     		b	.L1
 145              	.LVL12:
 146              	.L4:
 214:Lib/Camera_Middleware/cmw_utils.c ****   }
 147              		.loc 1 214 5 is_stmt 1 view .LVU31
 148 0056 D621     		movs	r1, #214
 149              	.LVL13:
 214:Lib/Camera_Middleware/cmw_utils.c ****   }
 150              		.loc 1 214 5 is_stmt 0 view .LVU32
 151 0058 034B     		ldr	r3, .L14
 152              	.LVL14:
 214:Lib/Camera_Middleware/cmw_utils.c ****   }
 153              		.loc 1 214 5 view .LVU33
 154 005a 044A     		ldr	r2, .L14+4
 155 005c 0448     		ldr	r0, .L14+8
 156              	.LVL15:
 214:Lib/Camera_Middleware/cmw_utils.c ****   }
 157              		.loc 1 214 5 view .LVU34
 158 005e FFF7FEFF 		bl	__assert_func
 159              	.LVL16:
 160              	.L10:
 204:Lib/Camera_Middleware/cmw_utils.c ****   case 1:
 161              		.loc 1 204 3 view .LVU35
 162 0062 0020     		movs	r0, #0
 163              	.LVL17:
 204:Lib/Camera_Middleware/cmw_utils.c ****   case 1:
 164              		.loc 1 204 3 view .LVU36
 165 0064 ECE7     		b	.L1
 166              	.L15:
 167 0066 00BF     		.align	2
 168              	.L14:
 169 0068 00000000 		.word	.LC0
 170 006c 00000000 		.word	__func__.1
 171 0070 02000000 		.word	.LC1
 172              	.LBE7:
 173              	.LBE9:
 174              		.cfi_endproc
 175              	.LFE871:
 177              		.section	.rodata.CMW_UTILS_GetPipeConfig.str1.1,"aMS",%progbits,1
 178              	.LC2:
 179 0000 72617469 		.ascii	"ratio >= 1\000"
 179      6F203E3D 
 179      203100
 180              	.LC3:
 181 000b 72617469 		.ascii	"ratio < 64\000"
 181      6F203C20 
 181      363400
 182              		.section	.text.CMW_UTILS_GetPipeConfig,"ax",%progbits
 183              		.align	1
 184              		.global	CMW_UTILS_GetPipeConfig
 185              		.syntax unified
 186              		.thumb
 187              		.thumb_func
 189              	CMW_UTILS_GetPipeConfig:
 190              	.LVL18:
 191              	.LFB865:
ARM GAS  C:\Users\DJESSOU\AppData\Local\Temp\ccfWGf2k.s 			page 9


  49:Lib/Camera_Middleware/cmw_utils.c ****   float ratio_height = 0;
 192              		.loc 1 49 1 is_stmt 1 view -0
 193              		.cfi_startproc
 194              		@ args = 8, pretend = 0, frame = 8
 195              		@ frame_needed = 0, uses_anonymous_args = 0
  49:Lib/Camera_Middleware/cmw_utils.c ****   float ratio_height = 0;
 196              		.loc 1 49 1 is_stmt 0 view .LVU38
 197 0000 F7B5     		push	{r0, r1, r2, r4, r5, r6, r7, lr}
 198              		.cfi_def_cfa_offset 32
 199              		.cfi_offset 4, -20
 200              		.cfi_offset 5, -16
 201              		.cfi_offset 6, -12
 202              		.cfi_offset 7, -8
 203              		.cfi_offset 14, -4
  49:Lib/Camera_Middleware/cmw_utils.c ****   float ratio_height = 0;
 204              		.loc 1 49 1 view .LVU39
 205 0002 1446     		mov	r4, r2
 206 0004 DDE90856 		ldrd	r5, r6, [sp, #32]
  55:Lib/Camera_Middleware/cmw_utils.c ****     ratio_width = (float)crop->HSize / p_conf->output_width;
 207              		.loc 1 55 5 view .LVU40
 208 0008 6768     		ldr	r7, [r4, #4]
  53:Lib/Camera_Middleware/cmw_utils.c ****   {
 209              		.loc 1 53 13 view .LVU41
 210 000a 9269     		ldr	r2, [r2, #24]
 211              	.LVL19:
 212              	.LBB18:
 213              	.LBB19:
 171:Lib/Camera_Middleware/cmw_utils.c ****   const float ratio = MIN(ratio_width, ratio_height);
 214              		.loc 1 171 48 view .LVU42
 215 000c 06EE907A 		vmov	s13, r7	@ int
 216              	.LBE19:
 217              	.LBE18:
  49:Lib/Camera_Middleware/cmw_utils.c ****   float ratio_height = 0;
 218              		.loc 1 49 1 view .LVU43
 219 0010 07EE100A 		vmov	s14, r0	@ int
 220 0014 07EE901A 		vmov	s15, r1	@ int
  50:Lib/Camera_Middleware/cmw_utils.c ****   float ratio_width = 0;
 221              		.loc 1 50 3 is_stmt 1 view .LVU44
 222              	.LVL20:
  51:Lib/Camera_Middleware/cmw_utils.c **** 
 223              		.loc 1 51 3 view .LVU45
  53:Lib/Camera_Middleware/cmw_utils.c ****   {
 224              		.loc 1 53 3 view .LVU46
 225              	.LBB24:
 226              	.LBB20:
 171:Lib/Camera_Middleware/cmw_utils.c ****   const float ratio = MIN(ratio_width, ratio_height);
 227              		.loc 1 171 48 is_stmt 0 view .LVU47
 228 0018 B8EE665A 		vcvt.f32.u32	s10, s13
 229              	.LBE20:
 230              	.LBE24:
  53:Lib/Camera_Middleware/cmw_utils.c ****   {
 231              		.loc 1 53 6 view .LVU48
 232 001c 002A     		cmp	r2, #0
 233 001e 40F08E80 		bne	.L17
  55:Lib/Camera_Middleware/cmw_utils.c ****     ratio_width = (float)crop->HSize / p_conf->output_width;
 234              		.loc 1 55 5 is_stmt 1 view .LVU49
 235              	.LVL21:
ARM GAS  C:\Users\DJESSOU\AppData\Local\Temp\ccfWGf2k.s 			page 10


 236              	.LBB25:
 237              	.LBI18:
 168:Lib/Camera_Middleware/cmw_utils.c **** {
 238              		.loc 1 168 13 view .LVU50
 239              	.LBB21:
 170:Lib/Camera_Middleware/cmw_utils.c ****   const float ratio_height = (float)cam_height / pipe_height;
 240              		.loc 1 170 3 view .LVU51
 170:Lib/Camera_Middleware/cmw_utils.c ****   const float ratio_height = (float)cam_height / pipe_height;
 241              		.loc 1 170 46 is_stmt 0 view .LVU52
 242 0022 D4ED006A 		vldr.32	s13, [r4]	@ int
 170:Lib/Camera_Middleware/cmw_utils.c ****   const float ratio_height = (float)cam_height / pipe_height;
 243              		.loc 1 170 29 view .LVU53
 244 0026 B8EE476A 		vcvt.f32.u32	s12, s14
 170:Lib/Camera_Middleware/cmw_utils.c ****   const float ratio_height = (float)cam_height / pipe_height;
 245              		.loc 1 170 46 view .LVU54
 246 002a F8EE664A 		vcvt.f32.u32	s9, s13
 171:Lib/Camera_Middleware/cmw_utils.c ****   const float ratio = MIN(ratio_width, ratio_height);
 247              		.loc 1 171 30 view .LVU55
 248 002e F8EE676A 		vcvt.f32.u32	s13, s15
 170:Lib/Camera_Middleware/cmw_utils.c ****   const float ratio_height = (float)cam_height / pipe_height;
 249              		.loc 1 170 15 view .LVU56
 250 0032 86EE244A 		vdiv.f32	s8, s12, s9
 251              	.LVL22:
 171:Lib/Camera_Middleware/cmw_utils.c ****   const float ratio = MIN(ratio_width, ratio_height);
 252              		.loc 1 171 3 is_stmt 1 view .LVU57
 171:Lib/Camera_Middleware/cmw_utils.c ****   const float ratio = MIN(ratio_width, ratio_height);
 253              		.loc 1 171 15 is_stmt 0 view .LVU58
 254 0036 C6EE855A 		vdiv.f32	s11, s13, s10
 255              	.LVL23:
 172:Lib/Camera_Middleware/cmw_utils.c **** 
 256              		.loc 1 172 3 is_stmt 1 view .LVU59
 172:Lib/Camera_Middleware/cmw_utils.c **** 
 257              		.loc 1 172 23 is_stmt 0 discriminator 1 view .LVU60
 258 003a B4EE654A 		vcmp.f32	s8, s11
 259 003e F1EE10FA 		vmrs	APSR_nzcv, FPSCR
 260 0042 48BF     		it	mi
 261 0044 F0EE445A 		vmovmi.f32	s11, s8
 262              	.LVL24:
 174:Lib/Camera_Middleware/cmw_utils.c ****   assert(ratio < 64);
 263              		.loc 1 174 3 is_stmt 1 view .LVU61
 264 0048 B7EE004A 		vmov.f32	s8, #1.0e+0
 265              	.LVL25:
 174:Lib/Camera_Middleware/cmw_utils.c ****   assert(ratio < 64);
 266              		.loc 1 174 3 is_stmt 0 view .LVU62
 267 004c F4EEC45A 		vcmpe.f32	s11, s8
 268 0050 F1EE10FA 		vmrs	APSR_nzcv, FPSCR
 269 0054 05DA     		bge	.L20
 174:Lib/Camera_Middleware/cmw_utils.c ****   assert(ratio < 64);
 270              		.loc 1 174 3 discriminator 1 view .LVU63
 271 0056 AE21     		movs	r1, #174
 272              	.LVL26:
 174:Lib/Camera_Middleware/cmw_utils.c ****   assert(ratio < 64);
 273              		.loc 1 174 3 discriminator 1 view .LVU64
 274 0058 4F4B     		ldr	r3, .L38
 275              	.LVL27:
 174:Lib/Camera_Middleware/cmw_utils.c ****   assert(ratio < 64);
 276              		.loc 1 174 3 discriminator 1 view .LVU65
ARM GAS  C:\Users\DJESSOU\AppData\Local\Temp\ccfWGf2k.s 			page 11


 277 005a 504A     		ldr	r2, .L38+4
 278              	.L37:
 175:Lib/Camera_Middleware/cmw_utils.c **** 
 279              		.loc 1 175 3 discriminator 1 view .LVU66
 280 005c 5048     		ldr	r0, .L38+8
 281              	.LVL28:
 175:Lib/Camera_Middleware/cmw_utils.c **** 
 282              		.loc 1 175 3 discriminator 1 view .LVU67
 283 005e FFF7FEFF 		bl	__assert_func
 284              	.LVL29:
 285              	.L20:
 175:Lib/Camera_Middleware/cmw_utils.c **** 
 286              		.loc 1 175 3 is_stmt 1 view .LVU68
 287 0062 9FED504A 		vldr.32	s8, .L38+12
 288 0066 F4EEC45A 		vcmpe.f32	s11, s8
 289 006a F1EE10FA 		vmrs	APSR_nzcv, FPSCR
 290 006e 03D4     		bmi	.L21
 175:Lib/Camera_Middleware/cmw_utils.c **** 
 291              		.loc 1 175 3 is_stmt 0 discriminator 1 view .LVU69
 292 0070 AF21     		movs	r1, #175
 293              	.LVL30:
 175:Lib/Camera_Middleware/cmw_utils.c **** 
 294              		.loc 1 175 3 discriminator 1 view .LVU70
 295 0072 4D4B     		ldr	r3, .L38+16
 296              	.LVL31:
 175:Lib/Camera_Middleware/cmw_utils.c **** 
 297              		.loc 1 175 3 discriminator 1 view .LVU71
 298 0074 494A     		ldr	r2, .L38+4
 299 0076 F1E7     		b	.L37
 300              	.LVL32:
 301              	.L21:
 177:Lib/Camera_Middleware/cmw_utils.c ****   crop->VSize = (uint32_t) MIN(pipe_height * ratio, cam_height);
 302              		.loc 1 177 3 is_stmt 1 view .LVU72
 177:Lib/Camera_Middleware/cmw_utils.c ****   crop->VSize = (uint32_t) MIN(pipe_height * ratio, cam_height);
 303              		.loc 1 177 28 is_stmt 0 view .LVU73
 304 0078 24EEA54A 		vmul.f32	s8, s9, s11
 177:Lib/Camera_Middleware/cmw_utils.c ****   crop->VSize = (uint32_t) MIN(pipe_height * ratio, cam_height);
 305              		.loc 1 177 17 view .LVU74
 306 007c B4EEC46A 		vcmpe.f32	s12, s8
 178:Lib/Camera_Middleware/cmw_utils.c ****   crop->HStart = (cam_width - crop->HSize + 1) / 2;
 307              		.loc 1 178 28 view .LVU75
 308 0080 65EE255A 		vmul.f32	s11, s10, s11
 309              	.LVL33:
 177:Lib/Camera_Middleware/cmw_utils.c ****   crop->VSize = (uint32_t) MIN(pipe_height * ratio, cam_height);
 310              		.loc 1 177 17 view .LVU76
 311 0084 F1EE10FA 		vmrs	APSR_nzcv, FPSCR
 178:Lib/Camera_Middleware/cmw_utils.c ****   crop->HStart = (cam_width - crop->HSize + 1) / 2;
 312              		.loc 1 178 17 view .LVU77
 313 0088 F4EEE56A 		vcmpe.f32	s13, s11
 177:Lib/Camera_Middleware/cmw_utils.c ****   crop->VSize = (uint32_t) MIN(pipe_height * ratio, cam_height);
 314              		.loc 1 177 17 discriminator 1 view .LVU78
 315 008c CCBF     		ite	gt
 316 008e BCEEC46A 		vcvtgt.u32.f32	s12, s8
 317              	.LVL34:
 177:Lib/Camera_Middleware/cmw_utils.c ****   crop->VSize = (uint32_t) MIN(pipe_height * ratio, cam_height);
 318              		.loc 1 177 17 discriminator 2 view .LVU79
 319 0092 BCEEC66A 		vcvtle.u32.f32	s12, s12
ARM GAS  C:\Users\DJESSOU\AppData\Local\Temp\ccfWGf2k.s 			page 12


 178:Lib/Camera_Middleware/cmw_utils.c ****   crop->HStart = (cam_width - crop->HSize + 1) / 2;
 320              		.loc 1 178 17 view .LVU80
 321 0096 F1EE10FA 		vmrs	APSR_nzcv, FPSCR
 179:Lib/Camera_Middleware/cmw_utils.c ****   crop->VStart = (cam_height - crop->VSize + 1) / 2;
 322              		.loc 1 179 43 view .LVU81
 323 009a 0146     		mov	r1, r0
 324              	.LVL35:
 179:Lib/Camera_Middleware/cmw_utils.c ****   crop->VStart = (cam_height - crop->VSize + 1) / 2;
 325              		.loc 1 179 43 view .LVU82
 326 009c 16EE102A 		vmov	r2, s12	@ int
 178:Lib/Camera_Middleware/cmw_utils.c ****   crop->HStart = (cam_width - crop->HSize + 1) / 2;
 327              		.loc 1 178 17 discriminator 1 view .LVU83
 328 00a0 CCBF     		ite	gt
 329 00a2 FCEEE56A 		vcvtgt.u32.f32	s13, s11
 330              	.LVL36:
 178:Lib/Camera_Middleware/cmw_utils.c ****   crop->HStart = (cam_width - crop->HSize + 1) / 2;
 331              		.loc 1 178 17 discriminator 2 view .LVU84
 332 00a6 FCEEE66A 		vcvtle.u32.f32	s13, s13
 179:Lib/Camera_Middleware/cmw_utils.c ****   crop->VStart = (cam_height - crop->VSize + 1) / 2;
 333              		.loc 1 179 43 view .LVU85
 334 00aa 0131     		adds	r1, r1, #1
 335 00ac 891A     		subs	r1, r1, r2
 179:Lib/Camera_Middleware/cmw_utils.c ****   crop->VStart = (cam_height - crop->VSize + 1) / 2;
 336              		.loc 1 179 48 view .LVU86
 337 00ae 4908     		lsrs	r1, r1, #1
 179:Lib/Camera_Middleware/cmw_utils.c ****   crop->VStart = (cam_height - crop->VSize + 1) / 2;
 338              		.loc 1 179 16 view .LVU87
 339 00b0 5960     		str	r1, [r3, #4]
 180:Lib/Camera_Middleware/cmw_utils.c ****   crop->PipeArea = DCMIPP_POSITIVE_AREA;
 340              		.loc 1 180 44 view .LVU88
 341 00b2 17EE901A 		vmov	r1, s15	@ int
 342 00b6 16EE902A 		vmov	r2, s13	@ int
 177:Lib/Camera_Middleware/cmw_utils.c ****   crop->VSize = (uint32_t) MIN(pipe_height * ratio, cam_height);
 343              		.loc 1 177 15 discriminator 4 view .LVU89
 344 00ba 83ED036A 		vstr.32	s12, [r3, #12]	@ int
 178:Lib/Camera_Middleware/cmw_utils.c ****   crop->HStart = (cam_width - crop->HSize + 1) / 2;
 345              		.loc 1 178 3 is_stmt 1 view .LVU90
 178:Lib/Camera_Middleware/cmw_utils.c ****   crop->HStart = (cam_width - crop->HSize + 1) / 2;
 346              		.loc 1 178 15 is_stmt 0 discriminator 4 view .LVU91
 347 00be C3ED026A 		vstr.32	s13, [r3, #8]	@ int
 179:Lib/Camera_Middleware/cmw_utils.c ****   crop->VStart = (cam_height - crop->VSize + 1) / 2;
 348              		.loc 1 179 3 is_stmt 1 view .LVU92
 180:Lib/Camera_Middleware/cmw_utils.c ****   crop->PipeArea = DCMIPP_POSITIVE_AREA;
 349              		.loc 1 180 3 view .LVU93
 350              	.LBE21:
 351              	.LBE25:
  56:Lib/Camera_Middleware/cmw_utils.c ****     ratio_height = (float)crop->VSize / p_conf->output_height;
 352              		.loc 1 56 19 is_stmt 0 view .LVU94
 353 00c2 B8EE466A 		vcvt.f32.u32	s12, s12
  57:Lib/Camera_Middleware/cmw_utils.c ****   }
 354              		.loc 1 57 20 view .LVU95
 355 00c6 F8EE666A 		vcvt.f32.u32	s13, s13
 356              	.LBB26:
 357              	.LBB22:
 180:Lib/Camera_Middleware/cmw_utils.c ****   crop->PipeArea = DCMIPP_POSITIVE_AREA;
 358              		.loc 1 180 44 view .LVU96
 359 00ca 0131     		adds	r1, r1, #1
ARM GAS  C:\Users\DJESSOU\AppData\Local\Temp\ccfWGf2k.s 			page 13


 360 00cc 891A     		subs	r1, r1, r2
 181:Lib/Camera_Middleware/cmw_utils.c **** }
 361              		.loc 1 181 18 view .LVU97
 362 00ce 0022     		movs	r2, #0
 363              	.LBE22:
 364              	.LBE26:
  56:Lib/Camera_Middleware/cmw_utils.c ****     ratio_height = (float)crop->VSize / p_conf->output_height;
 365              		.loc 1 56 17 view .LVU98
 366 00d0 C6EE245A 		vdiv.f32	s11, s12, s9
  57:Lib/Camera_Middleware/cmw_utils.c ****   }
 367              		.loc 1 57 18 view .LVU99
 368 00d4 86EE857A 		vdiv.f32	s14, s13, s10
 369              	.LBB27:
 370              	.LBB23:
 180:Lib/Camera_Middleware/cmw_utils.c ****   crop->PipeArea = DCMIPP_POSITIVE_AREA;
 371              		.loc 1 180 49 view .LVU100
 372 00d8 4908     		lsrs	r1, r1, #1
 180:Lib/Camera_Middleware/cmw_utils.c ****   crop->PipeArea = DCMIPP_POSITIVE_AREA;
 373              		.loc 1 180 16 view .LVU101
 374 00da 1960     		str	r1, [r3]
 181:Lib/Camera_Middleware/cmw_utils.c **** }
 375              		.loc 1 181 3 is_stmt 1 view .LVU102
 181:Lib/Camera_Middleware/cmw_utils.c **** }
 376              		.loc 1 181 18 is_stmt 0 view .LVU103
 377 00dc 1A61     		str	r2, [r3, #16]
 378              	.LVL37:
 181:Lib/Camera_Middleware/cmw_utils.c **** }
 379              		.loc 1 181 18 view .LVU104
 380              	.LBE23:
 381              	.LBE27:
  56:Lib/Camera_Middleware/cmw_utils.c ****     ratio_height = (float)crop->VSize / p_conf->output_height;
 382              		.loc 1 56 5 is_stmt 1 view .LVU105
  57:Lib/Camera_Middleware/cmw_utils.c ****   }
 383              		.loc 1 57 5 view .LVU106
 384              	.L28:
  76:Lib/Camera_Middleware/cmw_utils.c **** }
 385              		.loc 1 76 3 view .LVU107
 386              	.LBB28:
 387              	.LBB29:
 231:Lib/Camera_Middleware/cmw_utils.c **** 
 232:Lib/Camera_Middleware/cmw_utils.c **** static void CMW_UTILS_get_scale_configs(CMW_DCMIPP_Conf_t *p_conf, float ratio_width, float ratio_h
 233:Lib/Camera_Middleware/cmw_utils.c ****                                        DCMIPP_DecimationConfTypeDef *dec, DCMIPP_DownsizeTypeDef *d
 234:Lib/Camera_Middleware/cmw_utils.c **** {
 235:Lib/Camera_Middleware/cmw_utils.c ****   dec->HRatio = CMW_UTILS_get_dec_ratio_and_update(&ratio_width, 0);
 388              		.loc 1 235 17 is_stmt 0 view .LVU108
 389 00de 0021     		movs	r1, #0
 390 00e0 6846     		mov	r0, sp
 391 00e2 8DED017A 		vstr.32	s14, [sp, #4]
 392 00e6 CDED005A 		vstr.32	s11, [sp]
 393              	.LVL38:
 394              		.loc 1 235 17 view .LVU109
 395              	.LBE29:
 396              	.LBI28:
 232:Lib/Camera_Middleware/cmw_utils.c ****                                        DCMIPP_DecimationConfTypeDef *dec, DCMIPP_DownsizeTypeDef *d
 397              		.loc 1 232 13 is_stmt 1 view .LVU110
 398              	.LBB36:
 399              		.loc 1 235 3 view .LVU111
ARM GAS  C:\Users\DJESSOU\AppData\Local\Temp\ccfWGf2k.s 			page 14


 400              		.loc 1 235 17 is_stmt 0 view .LVU112
 401 00ea FFF7FEFF 		bl	CMW_UTILS_get_dec_ratio_and_update
 402              	.LVL39:
 236:Lib/Camera_Middleware/cmw_utils.c ****   dec->VRatio = CMW_UTILS_get_dec_ratio_and_update(&ratio_height, 1);
 403              		.loc 1 236 17 view .LVU113
 404 00ee 0121     		movs	r1, #1
 235:Lib/Camera_Middleware/cmw_utils.c ****   dec->VRatio = CMW_UTILS_get_dec_ratio_and_update(&ratio_height, 1);
 405              		.loc 1 235 15 discriminator 1 view .LVU114
 406 00f0 6860     		str	r0, [r5, #4]
 407              		.loc 1 236 3 is_stmt 1 view .LVU115
 408              		.loc 1 236 17 is_stmt 0 view .LVU116
 409 00f2 01A8     		add	r0, sp, #4
 410 00f4 FFF7FEFF 		bl	CMW_UTILS_get_dec_ratio_and_update
 411              	.LVL40:
 412              	.LBB30:
 413              	.LBB31:
 194:Lib/Camera_Middleware/cmw_utils.c ****   down->VRatio = (uint32_t) (8192 * ratio_height);
 414              		.loc 1 194 35 view .LVU117
 415 00f8 9FED2C7A 		vldr.32	s14, .L38+20
 416 00fc DDED007A 		vldr.32	s15, [sp]
 417 0100 67EE877A 		vmul.f32	s15, s15, s14
 194:Lib/Camera_Middleware/cmw_utils.c ****   down->VRatio = (uint32_t) (8192 * ratio_height);
 418              		.loc 1 194 18 view .LVU118
 419 0104 FCEEE77A 		vcvt.u32.f32	s15, s15
 420              	.LBE31:
 421              	.LBE30:
 422              		.loc 1 236 15 discriminator 1 view .LVU119
 423 0108 2860     		str	r0, [r5]
 237:Lib/Camera_Middleware/cmw_utils.c ****   CMW_UTILS_get_down_config(ratio_width, ratio_height, p_conf->output_width, p_conf->output_height,
 424              		.loc 1 237 3 is_stmt 1 view .LVU120
 425              	.LBB34:
 426              	.LBB32:
 194:Lib/Camera_Middleware/cmw_utils.c ****   down->VRatio = (uint32_t) (8192 * ratio_height);
 427              		.loc 1 194 18 is_stmt 0 view .LVU121
 428 010a 17EE903A 		vmov	r3, s15	@ int
 429              	.LBE32:
 430              	.LBE34:
 431              		.loc 1 237 62 view .LVU122
 432 010e 2068     		ldr	r0, [r4]
 433              	.LVL41:
 434              	.LBB35:
 435              	.LBI30:
 192:Lib/Camera_Middleware/cmw_utils.c **** {
 436              		.loc 1 192 13 is_stmt 1 view .LVU123
 437              	.LBB33:
 194:Lib/Camera_Middleware/cmw_utils.c ****   down->VRatio = (uint32_t) (8192 * ratio_height);
 438              		.loc 1 194 3 view .LVU124
 194:Lib/Camera_Middleware/cmw_utils.c ****   down->VRatio = (uint32_t) (8192 * ratio_height);
 439              		.loc 1 194 16 is_stmt 0 view .LVU125
 440 0110 C6ED037A 		vstr.32	s15, [r6, #12]	@ int
 195:Lib/Camera_Middleware/cmw_utils.c ****   down->HDivFactor = (1024 * 8192 - 1) / down->HRatio;
 441              		.loc 1 195 3 is_stmt 1 view .LVU126
 195:Lib/Camera_Middleware/cmw_utils.c ****   down->HDivFactor = (1024 * 8192 - 1) / down->HRatio;
 442              		.loc 1 195 35 is_stmt 0 view .LVU127
 443 0114 DDED017A 		vldr.32	s15, [sp, #4]
 444 0118 67EE877A 		vmul.f32	s15, s15, s14
 195:Lib/Camera_Middleware/cmw_utils.c ****   down->HDivFactor = (1024 * 8192 - 1) / down->HRatio;
ARM GAS  C:\Users\DJESSOU\AppData\Local\Temp\ccfWGf2k.s 			page 15


 445              		.loc 1 195 18 view .LVU128
 446 011c FCEEE77A 		vcvt.u32.f32	s15, s15
 447 0120 17EE902A 		vmov	r2, s15	@ int
 196:Lib/Camera_Middleware/cmw_utils.c ****   down->VDivFactor = (1024 * 8192 - 1) / down->VRatio;
 448              		.loc 1 196 40 view .LVU129
 449 0124 2249     		ldr	r1, .L38+24
 195:Lib/Camera_Middleware/cmw_utils.c ****   down->HDivFactor = (1024 * 8192 - 1) / down->HRatio;
 450              		.loc 1 195 16 view .LVU130
 451 0126 C6ED027A 		vstr.32	s15, [r6, #8]	@ int
 196:Lib/Camera_Middleware/cmw_utils.c ****   down->VDivFactor = (1024 * 8192 - 1) / down->VRatio;
 452              		.loc 1 196 3 is_stmt 1 view .LVU131
 196:Lib/Camera_Middleware/cmw_utils.c ****   down->VDivFactor = (1024 * 8192 - 1) / down->VRatio;
 453              		.loc 1 196 40 is_stmt 0 view .LVU132
 454 012a B1FBF3F3 		udiv	r3, r1, r3
 197:Lib/Camera_Middleware/cmw_utils.c ****   down->HSize = width;
 455              		.loc 1 197 40 view .LVU133
 456 012e B1FBF2F1 		udiv	r1, r1, r2
 199:Lib/Camera_Middleware/cmw_utils.c **** }
 457              		.loc 1 199 15 view .LVU134
 458 0132 C6E90070 		strd	r7, r0, [r6]
 196:Lib/Camera_Middleware/cmw_utils.c ****   down->VDivFactor = (1024 * 8192 - 1) / down->VRatio;
 459              		.loc 1 196 20 view .LVU135
 460 0136 7361     		str	r3, [r6, #20]
 197:Lib/Camera_Middleware/cmw_utils.c ****   down->HSize = width;
 461              		.loc 1 197 3 is_stmt 1 view .LVU136
 197:Lib/Camera_Middleware/cmw_utils.c ****   down->HSize = width;
 462              		.loc 1 197 20 is_stmt 0 view .LVU137
 463 0138 3161     		str	r1, [r6, #16]
 198:Lib/Camera_Middleware/cmw_utils.c ****   down->VSize = height;
 464              		.loc 1 198 3 is_stmt 1 view .LVU138
 465              	.LVL42:
 198:Lib/Camera_Middleware/cmw_utils.c ****   down->VSize = height;
 466              		.loc 1 198 3 is_stmt 0 view .LVU139
 467              	.LBE33:
 468              	.LBE35:
 469              	.LBE36:
 470              	.LBE28:
  77:Lib/Camera_Middleware/cmw_utils.c **** 
 471              		.loc 1 77 1 view .LVU140
 472 013a 03B0     		add	sp, sp, #12
 473              		.cfi_remember_state
 474              		.cfi_def_cfa_offset 20
 475              		@ sp needed
 476 013c F0BD     		pop	{r4, r5, r6, r7, pc}
 477              	.LVL43:
 478              	.L17:
 479              		.cfi_restore_state
  59:Lib/Camera_Middleware/cmw_utils.c ****   {
 480              		.loc 1 59 8 is_stmt 1 view .LVU141
  59:Lib/Camera_Middleware/cmw_utils.c ****   {
 481              		.loc 1 59 11 is_stmt 0 view .LVU142
 482 013e 012A     		cmp	r2, #1
 483 0140 0CD1     		bne	.L29
  61:Lib/Camera_Middleware/cmw_utils.c ****     ratio_height = (float)cam_height / p_conf->output_height;
 484              		.loc 1 61 5 is_stmt 1 view .LVU143
  61:Lib/Camera_Middleware/cmw_utils.c ****     ratio_height = (float)cam_height / p_conf->output_height;
 485              		.loc 1 61 36 is_stmt 0 view .LVU144
ARM GAS  C:\Users\DJESSOU\AppData\Local\Temp\ccfWGf2k.s 			page 16


 486 0142 D4ED006A 		vldr.32	s13, [r4]	@ int
  61:Lib/Camera_Middleware/cmw_utils.c ****     ratio_height = (float)cam_height / p_conf->output_height;
 487              		.loc 1 61 19 view .LVU145
 488 0146 B8EE477A 		vcvt.f32.u32	s14, s14
  61:Lib/Camera_Middleware/cmw_utils.c ****     ratio_height = (float)cam_height / p_conf->output_height;
 489              		.loc 1 61 36 view .LVU146
 490 014a F8EE666A 		vcvt.f32.u32	s13, s13
  61:Lib/Camera_Middleware/cmw_utils.c ****     ratio_height = (float)cam_height / p_conf->output_height;
 491              		.loc 1 61 17 view .LVU147
 492 014e C7EE265A 		vdiv.f32	s11, s14, s13
 493              	.LVL44:
  62:Lib/Camera_Middleware/cmw_utils.c ****   }
 494              		.loc 1 62 5 is_stmt 1 view .LVU148
 495              	.L36:
  73:Lib/Camera_Middleware/cmw_utils.c ****   }
 496              		.loc 1 73 20 is_stmt 0 view .LVU149
 497 0152 F8EE677A 		vcvt.f32.u32	s15, s15
  73:Lib/Camera_Middleware/cmw_utils.c ****   }
 498              		.loc 1 73 18 view .LVU150
 499 0156 87EE857A 		vdiv.f32	s14, s15, s10
 500              	.LVL45:
  73:Lib/Camera_Middleware/cmw_utils.c ****   }
 501              		.loc 1 73 18 view .LVU151
 502 015a C0E7     		b	.L28
 503              	.LVL46:
 504              	.L29:
  64:Lib/Camera_Middleware/cmw_utils.c ****   {
 505              		.loc 1 64 8 is_stmt 1 view .LVU152
  64:Lib/Camera_Middleware/cmw_utils.c ****   {
 506              		.loc 1 64 11 is_stmt 0 view .LVU153
 507 015c 022A     		cmp	r2, #2
 508 015e 06D1     		bne	.L30
  66:Lib/Camera_Middleware/cmw_utils.c ****     ratio_width = (float) ratio_height;
 509              		.loc 1 66 5 is_stmt 1 view .LVU154
  66:Lib/Camera_Middleware/cmw_utils.c ****     ratio_width = (float) ratio_height;
 510              		.loc 1 66 20 is_stmt 0 view .LVU155
 511 0160 F8EE677A 		vcvt.f32.u32	s15, s15
  66:Lib/Camera_Middleware/cmw_utils.c ****     ratio_width = (float) ratio_height;
 512              		.loc 1 66 18 view .LVU156
 513 0164 87EE857A 		vdiv.f32	s14, s15, s10
 514              	.LVL47:
  67:Lib/Camera_Middleware/cmw_utils.c ****   }
 515              		.loc 1 67 5 is_stmt 1 view .LVU157
  67:Lib/Camera_Middleware/cmw_utils.c ****   }
 516              		.loc 1 67 17 is_stmt 0 view .LVU158
 517 0168 F0EE475A 		vmov.f32	s11, s14
 518 016c B7E7     		b	.L28
 519              	.LVL48:
 520              	.L30:
  71:Lib/Camera_Middleware/cmw_utils.c ****     ratio_width = (float)crop->HSize / p_conf->output_width;
 521              		.loc 1 71 5 is_stmt 1 view .LVU159
 522              	.LBB37:
 523              	.LBI37:
 184:Lib/Camera_Middleware/cmw_utils.c **** {
 524              		.loc 1 184 13 view .LVU160
 525              	.LBB38:
 186:Lib/Camera_Middleware/cmw_utils.c ****   crop->VSize = roi->height;
ARM GAS  C:\Users\DJESSOU\AppData\Local\Temp\ccfWGf2k.s 			page 17


 526              		.loc 1 186 3 view .LVU161
 186:Lib/Camera_Middleware/cmw_utils.c ****   crop->VSize = roi->height;
 527              		.loc 1 186 20 is_stmt 0 view .LVU162
 528 016e E169     		ldr	r1, [r4, #28]
 529              	.LVL49:
 186:Lib/Camera_Middleware/cmw_utils.c ****   crop->VSize = roi->height;
 530              		.loc 1 186 20 view .LVU163
 531              	.LBE38:
 532              	.LBE37:
  72:Lib/Camera_Middleware/cmw_utils.c ****     ratio_height = (float)crop->VSize / p_conf->output_height;
 533              		.loc 1 72 38 view .LVU164
 534 0170 94ED007A 		vldr.32	s14, [r4]	@ int
  72:Lib/Camera_Middleware/cmw_utils.c ****     ratio_height = (float)crop->VSize / p_conf->output_height;
 535              		.loc 1 72 19 view .LVU165
 536 0174 07EE901A 		vmov	s15, r1	@ int
 537              	.LVL50:
  72:Lib/Camera_Middleware/cmw_utils.c ****     ratio_height = (float)crop->VSize / p_conf->output_height;
 538              		.loc 1 72 38 view .LVU166
 539 0178 B8EE477A 		vcvt.f32.u32	s14, s14
  72:Lib/Camera_Middleware/cmw_utils.c ****     ratio_height = (float)crop->VSize / p_conf->output_height;
 540              		.loc 1 72 19 view .LVU167
 541 017c F8EE677A 		vcvt.f32.u32	s15, s15
 542              	.LBB42:
 543              	.LBB39:
 188:Lib/Camera_Middleware/cmw_utils.c ****   crop->VStart = roi->offset_y;
 544              		.loc 1 188 16 view .LVU168
 545 0180 606A     		ldr	r0, [r4, #36]
 546              	.LVL51:
 187:Lib/Camera_Middleware/cmw_utils.c ****   crop->HStart = roi->offset_x;
 547              		.loc 1 187 20 view .LVU169
 548 0182 226A     		ldr	r2, [r4, #32]
 188:Lib/Camera_Middleware/cmw_utils.c ****   crop->VStart = roi->offset_y;
 549              		.loc 1 188 16 view .LVU170
 550 0184 5860     		str	r0, [r3, #4]
 189:Lib/Camera_Middleware/cmw_utils.c **** }
 551              		.loc 1 189 16 view .LVU171
 552 0186 A06A     		ldr	r0, [r4, #40]
 553              	.LBE39:
 554              	.LBE42:
  72:Lib/Camera_Middleware/cmw_utils.c ****     ratio_height = (float)crop->VSize / p_conf->output_height;
 555              		.loc 1 72 17 view .LVU172
 556 0188 C7EE875A 		vdiv.f32	s11, s15, s14
 557              	.LBB43:
 558              	.LBB40:
 186:Lib/Camera_Middleware/cmw_utils.c ****   crop->VSize = roi->height;
 559              		.loc 1 186 15 view .LVU173
 560 018c D960     		str	r1, [r3, #12]
 187:Lib/Camera_Middleware/cmw_utils.c ****   crop->HStart = roi->offset_x;
 561              		.loc 1 187 3 is_stmt 1 view .LVU174
 562              	.LBE40:
 563              	.LBE43:
  73:Lib/Camera_Middleware/cmw_utils.c ****   }
 564              		.loc 1 73 20 is_stmt 0 view .LVU175
 565 018e 07EE902A 		vmov	s15, r2	@ int
 566              	.LBB44:
 567              	.LBB41:
 187:Lib/Camera_Middleware/cmw_utils.c ****   crop->HStart = roi->offset_x;
ARM GAS  C:\Users\DJESSOU\AppData\Local\Temp\ccfWGf2k.s 			page 18


 568              		.loc 1 187 15 view .LVU176
 569 0192 9A60     		str	r2, [r3, #8]
 188:Lib/Camera_Middleware/cmw_utils.c ****   crop->VStart = roi->offset_y;
 570              		.loc 1 188 3 is_stmt 1 view .LVU177
 189:Lib/Camera_Middleware/cmw_utils.c **** }
 571              		.loc 1 189 3 view .LVU178
 189:Lib/Camera_Middleware/cmw_utils.c **** }
 572              		.loc 1 189 16 is_stmt 0 view .LVU179
 573 0194 1860     		str	r0, [r3]
 574              	.LVL52:
 189:Lib/Camera_Middleware/cmw_utils.c **** }
 575              		.loc 1 189 16 view .LVU180
 576              	.LBE41:
 577              	.LBE44:
  72:Lib/Camera_Middleware/cmw_utils.c ****     ratio_height = (float)crop->VSize / p_conf->output_height;
 578              		.loc 1 72 5 is_stmt 1 view .LVU181
  73:Lib/Camera_Middleware/cmw_utils.c ****   }
 579              		.loc 1 73 5 view .LVU182
 580 0196 DCE7     		b	.L36
 581              	.L39:
 582              		.align	2
 583              	.L38:
 584 0198 00000000 		.word	.LC2
 585 019c 00000000 		.word	__func__.2
 586 01a0 02000000 		.word	.LC1
 587 01a4 00008042 		.word	1115684864
 588 01a8 0B000000 		.word	.LC3
 589 01ac 00000046 		.word	1174405120
 590 01b0 FFFF7F00 		.word	8388607
 591              		.cfi_endproc
 592              	.LFE865:
 594              		.section	.text.CMW_UTILS_getClosest_HAL_PHYBitrate,"ax",%progbits
 595              		.align	1
 596              		.global	CMW_UTILS_getClosest_HAL_PHYBitrate
 597              		.syntax unified
 598              		.thumb
 599              		.thumb_func
 601              	CMW_UTILS_getClosest_HAL_PHYBitrate:
 602              	.LVL53:
 603              	.LFB866:
  80:Lib/Camera_Middleware/cmw_utils.c ****   static const uint32_t PHYBitrate_in_mps[][2] =
 604              		.loc 1 80 1 view -0
 605              		.cfi_startproc
 606              		@ args = 0, pretend = 0, frame = 0
 607              		@ frame_needed = 0, uses_anonymous_args = 0
  81:Lib/Camera_Middleware/cmw_utils.c ****   {
 608              		.loc 1 81 3 view .LVU184
 148:Lib/Camera_Middleware/cmw_utils.c ****   int32_t min_diff = abs((int32_t)val - (int32_t)PHYBitrate_in_mps[0][1]);
 609              		.loc 1 148 3 view .LVU185
 149:Lib/Camera_Middleware/cmw_utils.c ****   size_t size = sizeof(PHYBitrate_in_mps) / sizeof(PHYBitrate_in_mps[0]);
 610              		.loc 1 149 3 view .LVU186
 149:Lib/Camera_Middleware/cmw_utils.c ****   size_t size = sizeof(PHYBitrate_in_mps) / sizeof(PHYBitrate_in_mps[0]);
 611              		.loc 1 149 39 is_stmt 0 view .LVU187
 612 0000 0B4B     		ldr	r3, .L44
  80:Lib/Camera_Middleware/cmw_utils.c ****   static const uint32_t PHYBitrate_in_mps[][2] =
 613              		.loc 1 80 1 view .LVU188
 614 0002 30B5     		push	{r4, r5, lr}
ARM GAS  C:\Users\DJESSOU\AppData\Local\Temp\ccfWGf2k.s 			page 19


 615              		.cfi_def_cfa_offset 12
 616              		.cfi_offset 4, -12
 617              		.cfi_offset 5, -8
 618              		.cfi_offset 14, -4
 149:Lib/Camera_Middleware/cmw_utils.c ****   size_t size = sizeof(PHYBitrate_in_mps) / sizeof(PHYBitrate_in_mps[0]);
 619              		.loc 1 149 39 view .LVU189
 620 0004 0344     		add	r3, r3, r0
  80:Lib/Camera_Middleware/cmw_utils.c ****   static const uint32_t PHYBitrate_in_mps[][2] =
 621              		.loc 1 80 1 view .LVU190
 622 0006 0446     		mov	r4, r0
 148:Lib/Camera_Middleware/cmw_utils.c ****   int32_t min_diff = abs((int32_t)val - (int32_t)PHYBitrate_in_mps[0][1]);
 623              		.loc 1 148 12 view .LVU191
 624 0008 3E25     		movs	r5, #62
 625 000a 0020     		movs	r0, #0
 626              	.LVL54:
 149:Lib/Camera_Middleware/cmw_utils.c ****   size_t size = sizeof(PHYBitrate_in_mps) / sizeof(PHYBitrate_in_mps[0]);
 627              		.loc 1 149 11 view .LVU192
 628 000c 002B     		cmp	r3, #0
 629 000e 0949     		ldr	r1, .L44+4
 630 0010 B8BF     		it	lt
 631 0012 5B42     		rsblt	r3, r3, #0
 632              	.LVL55:
 150:Lib/Camera_Middleware/cmw_utils.c **** 
 633              		.loc 1 150 3 is_stmt 1 view .LVU193
 152:Lib/Camera_Middleware/cmw_utils.c ****   {
 634              		.loc 1 152 3 view .LVU194
 156:Lib/Camera_Middleware/cmw_utils.c ****   {
 635              		.loc 1 156 3 view .LVU195
 636              	.LBB45:
 156:Lib/Camera_Middleware/cmw_utils.c ****   {
 637              		.loc 1 156 8 view .LVU196
 156:Lib/Camera_Middleware/cmw_utils.c ****   {
 638              		.loc 1 156 24 discriminator 1 view .LVU197
 639              	.L42:
 640              	.LBB46:
 158:Lib/Camera_Middleware/cmw_utils.c ****       if (diff < min_diff)
 641              		.loc 1 158 7 view .LVU198
 158:Lib/Camera_Middleware/cmw_utils.c ****       if (diff < min_diff)
 642              		.loc 1 158 39 is_stmt 0 view .LVU199
 643 0014 CA68     		ldr	r2, [r1, #12]
 644              	.LBE46:
 156:Lib/Camera_Middleware/cmw_utils.c ****   {
 645              		.loc 1 156 24 discriminator 1 view .LVU200
 646 0016 0831     		adds	r1, r1, #8
 647              	.LBB47:
 158:Lib/Camera_Middleware/cmw_utils.c ****       if (diff < min_diff)
 648              		.loc 1 158 39 view .LVU201
 649 0018 A21A     		subs	r2, r4, r2
 158:Lib/Camera_Middleware/cmw_utils.c ****       if (diff < min_diff)
 650              		.loc 1 158 15 view .LVU202
 651 001a 002A     		cmp	r2, #0
 652 001c B8BF     		it	lt
 653 001e 5242     		rsblt	r2, r2, #0
 654              	.LVL56:
 159:Lib/Camera_Middleware/cmw_utils.c ****       {
 655              		.loc 1 159 7 is_stmt 1 view .LVU203
 159:Lib/Camera_Middleware/cmw_utils.c ****       {
ARM GAS  C:\Users\DJESSOU\AppData\Local\Temp\ccfWGf2k.s 			page 20


 656              		.loc 1 159 10 is_stmt 0 view .LVU204
 657 0020 9A42     		cmp	r2, r3
 161:Lib/Camera_Middleware/cmw_utils.c ****           closest_i = PHYBitrate_in_mps[i][0];
 658              		.loc 1 161 11 is_stmt 1 view .LVU205
 659              	.LVL57:
 162:Lib/Camera_Middleware/cmw_utils.c ****       }
 660              		.loc 1 162 11 view .LVU206
 162:Lib/Camera_Middleware/cmw_utils.c ****       }
 661              		.loc 1 162 21 is_stmt 0 view .LVU207
 662 0022 BCBF     		itt	lt
 663 0024 0868     		ldrlt	r0, [r1]
 664              	.LVL58:
 161:Lib/Camera_Middleware/cmw_utils.c ****           closest_i = PHYBitrate_in_mps[i][0];
 665              		.loc 1 161 20 view .LVU208
 666 0026 1346     		movlt	r3, r2
 667              	.LVL59:
 161:Lib/Camera_Middleware/cmw_utils.c ****           closest_i = PHYBitrate_in_mps[i][0];
 668              		.loc 1 161 20 view .LVU209
 669              	.LBE47:
 156:Lib/Camera_Middleware/cmw_utils.c ****   {
 670              		.loc 1 156 33 is_stmt 1 discriminator 2 view .LVU210
 156:Lib/Camera_Middleware/cmw_utils.c ****   {
 671              		.loc 1 156 24 discriminator 1 view .LVU211
 672 0028 013D     		subs	r5, r5, #1
 673 002a F3D1     		bne	.L42
 674              	.LBE45:
 165:Lib/Camera_Middleware/cmw_utils.c **** }
 675              		.loc 1 165 3 view .LVU212
 166:Lib/Camera_Middleware/cmw_utils.c **** 
 676              		.loc 1 166 1 is_stmt 0 view .LVU213
 677 002c 30BD     		pop	{r4, r5, pc}
 678              	.LVL60:
 679              	.L45:
 166:Lib/Camera_Middleware/cmw_utils.c **** 
 680              		.loc 1 166 1 view .LVU214
 681 002e 00BF     		.align	2
 682              	.L44:
 683 0030 004C3BFB 		.word	-80000000
 684 0034 00000000 		.word	PHYBitrate_in_mps.0
 685              		.cfi_endproc
 686              	.LFE866:
 688              		.section	.rodata.PHYBitrate_in_mps.0,"a"
 689              		.align	2
 692              	PHYBitrate_in_mps.0:
 693 0000 00000000 		.word	0
 694 0004 00B4C404 		.word	80000000
 695 0008 01000000 		.word	1
 696 000c 804A5D05 		.word	90000000
 697 0010 02000000 		.word	2
 698 0014 00E1F505 		.word	100000000
 699 0018 03000000 		.word	3
 700 001c 80778E06 		.word	110000000
 701 0020 04000000 		.word	4
 702 0024 000E2707 		.word	120000000
 703 0028 05000000 		.word	5
 704 002c 80A4BF07 		.word	130000000
 705 0030 06000000 		.word	6
ARM GAS  C:\Users\DJESSOU\AppData\Local\Temp\ccfWGf2k.s 			page 21


 706 0034 003B5808 		.word	140000000
 707 0038 07000000 		.word	7
 708 003c 80D1F008 		.word	150000000
 709 0040 08000000 		.word	8
 710 0044 00688909 		.word	160000000
 711 0048 09000000 		.word	9
 712 004c 80FE210A 		.word	170000000
 713 0050 0A000000 		.word	10
 714 0054 0095BA0A 		.word	180000000
 715 0058 0B000000 		.word	11
 716 005c 802B530B 		.word	190000000
 717 0060 0C000000 		.word	12
 718 0064 400D380C 		.word	205000000
 719 0068 0D000000 		.word	13
 720 006c 00EF1C0D 		.word	220000000
 721 0070 0E000000 		.word	14
 722 0074 C0D0010E 		.word	235000000
 723 0078 0F000000 		.word	15
 724 007c 80B2E60E 		.word	250000000
 725 0080 10000000 		.word	16
 726 0084 C02A6410 		.word	275000000
 727 0088 11000000 		.word	17
 728 008c 00A3E111 		.word	300000000
 729 0090 12000000 		.word	18
 730 0094 401B5F13 		.word	325000000
 731 0098 13000000 		.word	19
 732 009c 8093DC14 		.word	350000000
 733 00a0 14000000 		.word	20
 734 00a4 0084D717 		.word	400000000
 735 00a8 15000000 		.word	21
 736 00ac 8074D21A 		.word	450000000
 737 00b0 16000000 		.word	22
 738 00b4 0065CD1D 		.word	500000000
 739 00b8 17000000 		.word	23
 740 00bc 8055C820 		.word	550000000
 741 00c0 18000000 		.word	24
 742 00c4 0046C323 		.word	600000000
 743 00c8 19000000 		.word	25
 744 00cc 8036BE26 		.word	650000000
 745 00d0 1A000000 		.word	26
 746 00d4 0027B929 		.word	700000000
 747 00d8 1B000000 		.word	27
 748 00dc 8017B42C 		.word	750000000
 749 00e0 1C000000 		.word	28
 750 00e4 0008AF2F 		.word	800000000
 751 00e8 1D000000 		.word	29
 752 00ec 80F8A932 		.word	850000000
 753 00f0 1E000000 		.word	30
 754 00f4 00E9A435 		.word	900000000
 755 00f8 1F000000 		.word	31
 756 00fc 80D99F38 		.word	950000000
 757 0100 20000000 		.word	32
 758 0104 00CA9A3B 		.word	1000000000
 759 0108 21000000 		.word	33
 760 010c 80BA953E 		.word	1050000000
 761 0110 22000000 		.word	34
 762 0114 00AB9041 		.word	1100000000
ARM GAS  C:\Users\DJESSOU\AppData\Local\Temp\ccfWGf2k.s 			page 22


 763 0118 23000000 		.word	35
 764 011c 809B8B44 		.word	1150000000
 765 0120 24000000 		.word	36
 766 0124 008C8647 		.word	1200000000
 767 0128 25000000 		.word	37
 768 012c 807C814A 		.word	1250000000
 769 0130 26000000 		.word	38
 770 0134 006D7C4D 		.word	1300000000
 771 0138 27000000 		.word	39
 772 013c 805D7750 		.word	1350000000
 773 0140 28000000 		.word	40
 774 0144 004E7253 		.word	1400000000
 775 0148 29000000 		.word	41
 776 014c 803E6D56 		.word	1450000000
 777 0150 2A000000 		.word	42
 778 0154 002F6859 		.word	1500000000
 779 0158 2B000000 		.word	43
 780 015c 801F635C 		.word	1550000000
 781 0160 2C000000 		.word	44
 782 0164 00105E5F 		.word	1600000000
 783 0168 2D000000 		.word	45
 784 016c 80005962 		.word	1650000000
 785 0170 2E000000 		.word	46
 786 0174 00F15365 		.word	1700000000
 787 0178 2F000000 		.word	47
 788 017c 80E14E68 		.word	1750000000
 789 0180 30000000 		.word	48
 790 0184 00D2496B 		.word	1800000000
 791 0188 31000000 		.word	49
 792 018c 80C2446E 		.word	1850000000
 793 0190 32000000 		.word	50
 794 0194 00B33F71 		.word	1900000000
 795 0198 33000000 		.word	51
 796 019c 80A33A74 		.word	1950000000
 797 01a0 34000000 		.word	52
 798 01a4 00943577 		.word	2000000000
 799 01a8 35000000 		.word	53
 800 01ac 8084307A 		.word	2050000000
 801 01b0 36000000 		.word	54
 802 01b4 00752B7D 		.word	2100000000
 803 01b8 37000000 		.word	55
 804 01bc 80652680 		.word	-2144967296
 805 01c0 38000000 		.word	56
 806 01c4 00562183 		.word	-2094967296
 807 01c8 39000000 		.word	57
 808 01cc 80461C86 		.word	-2044967296
 809 01d0 3A000000 		.word	58
 810 01d4 00371789 		.word	-1994967296
 811 01d8 3B000000 		.word	59
 812 01dc 8027128C 		.word	-1944967296
 813 01e0 3C000000 		.word	60
 814 01e4 00180D8F 		.word	-1894967296
 815 01e8 3D000000 		.word	61
 816 01ec 80080892 		.word	-1844967296
 817 01f0 3E000000 		.word	62
 818 01f4 00F90295 		.word	-1794967296
 819              		.section	.rodata.__func__.1,"a"
ARM GAS  C:\Users\DJESSOU\AppData\Local\Temp\ccfWGf2k.s 			page 23


 822              	__func__.1:
 823 0000 434D575F 		.ascii	"CMW_UTILS_get_dec_ratio_from_decimal_ratio\000"
 823      5554494C 
 823      535F6765 
 823      745F6465 
 823      635F7261 
 824              		.section	.rodata.__func__.2,"a"
 827              	__func__.2:
 828 0000 434D575F 		.ascii	"CMW_UTILS_get_crop_config\000"
 828      5554494C 
 828      535F6765 
 828      745F6372 
 828      6F705F63 
 829              		.text
 830              	.Letext0:
 831              		.file 2 "C:\\ST\\STM32CubeIDE_1.18.1\\STM32CubeIDE\\plugins\\com.st.stm32cube.ide.mcu.externaltool
 832              		.file 3 "C:\\ST\\STM32CubeIDE_1.18.1\\STM32CubeIDE\\plugins\\com.st.stm32cube.ide.mcu.externaltool
 833              		.file 4 "C:\\ST\\STM32CubeIDE_1.18.1\\STM32CubeIDE\\plugins\\com.st.stm32cube.ide.mcu.externaltool
 834              		.file 5 "STM32Cube_FW_N6/Drivers/STM32N6xx_HAL_Driver/Inc/stm32n6xx_hal_dcmipp.h"
 835              		.file 6 "Lib/Camera_Middleware/cmw_camera.h"
 836              		.file 7 "C:\\ST\\STM32CubeIDE_1.18.1\\STM32CubeIDE\\plugins\\com.st.stm32cube.ide.mcu.externaltool
ARM GAS  C:\Users\DJESSOU\AppData\Local\Temp\ccfWGf2k.s 			page 24


DEFINED SYMBOLS
                            *ABS*:00000000 cmw_utils.c
C:\Users\DJESSOU\AppData\Local\Temp\ccfWGf2k.s:31     .text.CMW_UTILS_get_dec_ratio_and_update:00000000 $t
C:\Users\DJESSOU\AppData\Local\Temp\ccfWGf2k.s:36     .text.CMW_UTILS_get_dec_ratio_and_update:00000000 CMW_UTILS_get_dec_ratio_and_update
C:\Users\DJESSOU\AppData\Local\Temp\ccfWGf2k.s:79     .text.CMW_UTILS_get_dec_ratio_and_update:00000024 $d
C:\Users\DJESSOU\AppData\Local\Temp\ccfWGf2k.s:88     .text.CMW_UTILS_get_dec_ratio_and_update:0000002c $t
C:\Users\DJESSOU\AppData\Local\Temp\ccfWGf2k.s:169    .text.CMW_UTILS_get_dec_ratio_and_update:00000068 $d
C:\Users\DJESSOU\AppData\Local\Temp\ccfWGf2k.s:822    .rodata.__func__.1:00000000 __func__.1
C:\Users\DJESSOU\AppData\Local\Temp\ccfWGf2k.s:183    .text.CMW_UTILS_GetPipeConfig:00000000 $t
C:\Users\DJESSOU\AppData\Local\Temp\ccfWGf2k.s:189    .text.CMW_UTILS_GetPipeConfig:00000000 CMW_UTILS_GetPipeConfig
C:\Users\DJESSOU\AppData\Local\Temp\ccfWGf2k.s:584    .text.CMW_UTILS_GetPipeConfig:00000198 $d
C:\Users\DJESSOU\AppData\Local\Temp\ccfWGf2k.s:827    .rodata.__func__.2:00000000 __func__.2
C:\Users\DJESSOU\AppData\Local\Temp\ccfWGf2k.s:595    .text.CMW_UTILS_getClosest_HAL_PHYBitrate:00000000 $t
C:\Users\DJESSOU\AppData\Local\Temp\ccfWGf2k.s:601    .text.CMW_UTILS_getClosest_HAL_PHYBitrate:00000000 CMW_UTILS_getClosest_HAL_PHYBitrate
C:\Users\DJESSOU\AppData\Local\Temp\ccfWGf2k.s:683    .text.CMW_UTILS_getClosest_HAL_PHYBitrate:00000030 $d
C:\Users\DJESSOU\AppData\Local\Temp\ccfWGf2k.s:692    .rodata.PHYBitrate_in_mps.0:00000000 PHYBitrate_in_mps.0
C:\Users\DJESSOU\AppData\Local\Temp\ccfWGf2k.s:689    .rodata.PHYBitrate_in_mps.0:00000000 $d
                           .group:00000000 wm4.0.c530a555507323ed657a04d5a22acbf4
                           .group:00000000 wm4.stm32n6xx_hal_conf.h.21.004a06df6e15ac197e03f723792da58a
                           .group:00000000 wm4.stddef.h.39.0dc9006b34572d4d9cae4c8b422c4971
                           .group:00000000 wm4.arm_cmse.h.103.a0d15a79c4c9a67da8d5831704d7248e
                           .group:00000000 wm4.stm32n6xx.h.34.c523a1ffdf274a69e8802892c6776332
                           .group:00000000 wm4.stm32n657xx.h.26.acd272cb67318cc1a4791ce2f0720ca6
                           .group:00000000 wm4._newlib_version.h.4.411db44ea2338a62eca2f0777f81481b
                           .group:00000000 wm4.features.h.33.e0c9f337c65cb9f22ed5f23d082bc78b
                           .group:00000000 wm4._default_types.h.15.247e5cd201eca3442cbf5404108c4935
                           .group:00000000 wm4._intsup.h.10.48bafbb683905c4daa4565a85aeeb264
                           .group:00000000 wm4._stdint.h.10.c24fa3af3bc1706662bb5593a907e841
                           .group:00000000 wm4.stdint.h.23.d53047a68f4a85177f80b422d52785ed
                           .group:00000000 wm4.cmsis_version.h.30.d128735bf87720f7436b74fefeb5043c
                           .group:00000000 wm4.core_cm55.h.67.25006a3ce7048d64bcddd2996d5fac93
                           .group:00000000 wm4.arm_acle.h.28.ce8f475a5cc50333e54ae4adeb8c0298
                           .group:00000000 wm4.cmsis_gcc.h.39.eba7438bc45fd1a6e6376b63ffe44436
                           .group:00000000 wm4.cmsis_gcc_m.h.24.e590ec51aeda3a1242400351d73f5dce
                           .group:00000000 wm4.core_cm55.h.213.0528f46a674315ef8d35c4477e230358
                           .group:00000000 wm4.armv8m_mpu.h.24.bf28cc25bee30a7ff9d2f7a44a5e2230
                           .group:00000000 wm4.armv8m_pmu.h.24.6ded195d2625055391fd378c0e1d2519
                           .group:00000000 wm4.core_cm55.h.4477.396e822ef855bcfb932819ad48de1c4c
                           .group:00000000 wm4.armv7m_cachel1.h.24.936dd92d6e204a8d0b17d5e4ea4a356e
                           .group:00000000 wm4.stm32n657xx.h.575.78d331c417ec710388ced647138f735f
                           .group:00000000 wm4.stm32n6xx.h.116.b4247d9785590e7c5ec9234ffb2153bf
                           .group:00000000 wm4.stm32_hal_legacy.h.22.e62aae2fd3ae33360b6781c8a72e5b18
                           .group:00000000 wm4.newlib.h.7.a37ffbe9e5aff74303f4e60b1cc1c01b
                           .group:00000000 wm4.ieeefp.h.77.bd5feb87d9990dd328793ced294f6a87
                           .group:00000000 wm4.config.h.224.10ee1ad185d877c6e334e6581faab44d
                           .group:00000000 wm4._ansi.h.31.de524f58584151836e90d8620a16f8e8
                           .group:00000000 wm4.cdefs.h.49.70fc7af612f78ddcace70fdd90b5623b
                           .group:00000000 wm4._types.h.20.dd0d04dca3800a0d2a6129b87f3adbb2
                           .group:00000000 wm4.stddef.h.158.6f8e08a347b1cff664332fa350bfceb3
                           .group:00000000 wm4._types.h.127.3bdfe3ff8ea2d0985b03d9cbe93480e3
                           .group:00000000 wm4.reent.h.18.25503cdc8b7e55dd0d6ea7b3e5af7a03
                           .group:00000000 wm4.lock.h.2.1461d1fff82dffe8bfddc23307f6484f
                           .group:00000000 wm4.reent.h.78.6b87466b04591b1f1cb88c14fdf2ba9e
                           .group:00000000 wm4.math.h.13.47cfc34cae8a1153323939c4d32cf7c2
                           .group:00000000 wm4.stm32n6xx_hal_def.h.63.3a8f01490e8852464e9fcb69092e9c75
                           .group:00000000 wm4.stm32n6xx_ll_bus.h.38.2366a295ee4cdb04833997d3787fcd2d
                           .group:00000000 wm4.stm32n6xx_ll_rcc.h.21.656bd5637db608589ad16ea57d39430c
ARM GAS  C:\Users\DJESSOU\AppData\Local\Temp\ccfWGf2k.s 			page 25


                           .group:00000000 wm4.stm32n6xx_hal_rcc.h.194.69b522b1afdf59a82d05a1f71efe03c7
                           .group:00000000 wm4.stm32n6xx_hal_rcc_ex.h.21.cc6be0a7d168882a1a6f470236ba784c
                           .group:00000000 wm4.stm32n6xx_hal_rcc.h.4361.4b490a4a19722e68c21f88cb8a774a30
                           .group:00000000 wm4.stm32n6xx_hal_gpio.h.21.89d54af663b98eb8fc098192053f7eeb
                           .group:00000000 wm4.stm32n6xx_hal_gpio_ex.h.22.f7e795fb05a69a19b87d946b47c8db8b
                           .group:00000000 wm4.stm32n6xx_hal_rif.h.21.33f2c553a8a3fc14dca8c470b213ab19
                           .group:00000000 wm4.stm32n6xx_hal_dma.h.21.61e48c5c2e8d25d22177834b232fe45c
                           .group:00000000 wm4.stm32n6xx_hal_dma_ex.h.21.82f854ecdb6a463b06d0b4e5c217c368
                           .group:00000000 wm4.stm32n6xx_hal_dma.h.1020.87e2180c009560b617c1f8208140c950
                           .group:00000000 wm4.stm32n6xx_hal_cortex.h.21.f493623cc58f9454ab4eae41e395c5cc
                           .group:00000000 wm4.stm32n6xx_hal_bsec.h.21.1ee89319140541f82434908b4267aa30
                           .group:00000000 wm4.stm32n6xx_hal_dcmipp.h.21.e2b87dce83d7d722d696a597f6ac56bf
                           .group:00000000 wm4.stm32n6xx_hal_dma2d.h.21.75c8d46cdbb72970123b3f34ae2043d7
                           .group:00000000 wm4.stm32n6xx_hal_exti.h.21.e0efb23591051684dc14f1f2431c6aab
                           .group:00000000 wm4.stm32n6xx_hal_gfxmmu.h.21.9784a9103143d48bd3c37389d0e0b8e6
                           .group:00000000 wm4.stm32n6xx_hal_i2c.h.21.3f483626ff64c5bf027265bb2e1d1331
                           .group:00000000 wm4.stm32n6xx_hal_i2c_ex.h.21.79e9196c22282cdaf6b4047893638c45
                           .group:00000000 wm4.stm32n6xx_hal_i2c.h.741.1084702632703acc669e4282b3043372
                           .group:00000000 wm4.stm32n6xx_hal_icache.h.21.194b4ec6e76f32b14f65c85616854850
                           .group:00000000 wm4.stm32n6xx_hal_ltdc.h.21.ae1eb09930e7e550e48e418ac5849e4d
                           .group:00000000 wm4.stm32n6xx_hal_ltdc.h.1002.b13ede7fc94ed5ad1c6768a157d2149a
                           .group:00000000 wm4.stm32n6xx_ll_usb.h.21.daaf86158046f2cf02166c495d637480
                           .group:00000000 wm4.stm32n6xx_hal_pcd.h.155.27040aac6844effe2af8c180caf1dd2e
                           .group:00000000 wm4.stm32n6xx_hal_pwr.h.21.cdb73e4869c3fed3fc84f901ec0e5f0a
                           .group:00000000 wm4.stm32n6xx_hal_pwr_ex.h.21.1a673224a58b0c1e5fad8eeda6514208
                           .group:00000000 wm4.stm32n6xx_hal_ramcfg.h.21.a62dfbb4d2c14e9a8c634a215e37bd3d
                           .group:00000000 wm4.stm32n6xx_hal_spi.h.21.9f810303326e2d91749800e9911f8e4d
                           .group:00000000 wm4.stm32n6xx_hal_spi.h.906.8ad9375f39dce09dc0a4db0025ee7a76
                           .group:00000000 wm4.stm32n6xx_hal_tim.h.21.839dd2b2a70382fb2c44f8f293a84d5f
                           .group:00000000 wm4.stm32n6xx_hal_tim_ex.h.21.e372d5ac63c13441211ea4ecbd353150
                           .group:00000000 wm4.stm32n6xx_hal_uart.h.21.230f549bfa0d5ebfd77bfb311b2aca15
                           .group:00000000 wm4.stm32n6xx_hal_uart_ex.h.21.a0d5511e1d0703b7b5278c8f5472b96d
                           .group:00000000 wm4.stm32n6xx_hal_xspi.h.21.7fd922d3bdb871475cf18436a68935bb
                           .group:00000000 wm4.stm32n6xx_hal_cacheaxi.h.21.7c3375b7903ec42376e4883320997f74
                           .group:00000000 wm4.stm32n6xx_hal_gpu2d.h.21.48d0249122abad294a630c39cc4ebaed
                           .group:00000000 wm4.stm32n6xx_hal.h.81.e79d59262ba173c33cf1d69281830d15
                           .group:00000000 wm4.cmw_errno.h.21.91021ac9b2627a1ce6b8517d105715d1
                           .group:00000000 wm4.stm32n6570_discovery_conf.h.21.f52c8202689527a3dc0d9c6cba9c0416
                           .group:00000000 wm4.stm32n6570_discovery_errno.h.22.80e523b09444a11ebe4b6e24ae914f0e
                           .group:00000000 wm4.stm32n6570_discovery_bus.h.62.3b5b2c6837f7adeb489604fa214cd371
                           .group:00000000 wm4.isp_conf.h.21.bfb1d020517608810095aa56acf25d1e
                           .group:00000000 wm4.stdio.h.27.3fc80220048df77954e38daec3bb9670
                           .group:00000000 wm4.stddef.h.158.eec8bf00b5213f43d095cb984c5f22e3
                           .group:00000000 wm4.stdarg.h.34.3a23a216c0c293b3d2ea2e89281481e6
                           .group:00000000 wm4.stdio.h.47.dc31ec4674d7bcb103c9f08809549f45
                           .group:00000000 wm4.stdio.h.2.4aa87247282eca6c8f36f9de33d8df1a
                           .group:00000000 wm4.stdio.h.87.a1e20d2651f9bfb66e51bfbe849db00a
                           .group:00000000 wm4.stdlib.h.13.4ed386f5c1a80d71e72172885d946ef2
                           .group:00000000 wm4.alloca.h.8.dfc0c703c47ec3e69746825b17d9e66d
                           .group:00000000 wm4.stdlib.h.56.f4862cfbf4363a1db01842d5bdf72c18
                           .group:00000000 wm4.string.h.8.c4b8571ce60dff2817f43fec8b86aecd
                           .group:00000000 wm4.string.h.177.59a005921fa78485abc80a0267de5752
                           .group:00000000 wm4.stdbool.h.29.c08aa3eec75cf5b9b5003883f43253f0
                           .group:00000000 wm4.isp_core.h.110.8c4344a3506ac8fadc31ee17c3f6f7d7
                           .group:00000000 wm4.cmw_camera.h.33.3e21b0797a1f24d8d61aeb33a948c5cd
                           .group:00000000 wm4.assert.h.11.db24e541f16414db224bf986d21017e2

ARM GAS  C:\Users\DJESSOU\AppData\Local\Temp\ccfWGf2k.s 			page 26


UNDEFINED SYMBOLS
__assert_func
