ARM GAS  C:\Users\DJESSOU\AppData\Local\Temp\ccoelQ42.s 			page 1


   1              		.arch armv8.1-m.main
   2              		.fpu fpv5-d16
   3              		.arch_extension dsp
   4              		.arch_extension fp
   5              		.arch_extension fp.dp
   6              		.arch_extension mve
   7              		.arch_extension mve.fp
   8              		.eabi_attribute 5, "cortex-m55"
   9              		.eabi_attribute 28, 1
  10              		.eabi_attribute 20, 1
  11              		.eabi_attribute 21, 1
  12              		.eabi_attribute 23, 3
  13              		.eabi_attribute 24, 1
  14              		.eabi_attribute 25, 1
  15              		.eabi_attribute 26, 1
  16              		.eabi_attribute 30, 4
  17              		.eabi_attribute 34, 1
  18              		.eabi_attribute 38, 1
  19              		.eabi_attribute 18, 4
  20              		.file	"croutine.c"
  21              		.text
  22              	.Ltext0:
  23              		.cfi_sections	.debug_frame
  24              		.file 1 "Lib/FreeRTOS/Source/croutine.c"
  25              	.Letext0:
ARM GAS  C:\Users\DJESSOU\AppData\Local\Temp\ccoelQ42.s 			page 2


DEFINED SYMBOLS
                            *ABS*:00000000 croutine.c
                           .group:00000000 wm4.0.c530a555507323ed657a04d5a22acbf4
                           .group:00000000 wm4.stddef.h.39.0dc9006b34572d4d9cae4c8b422c4971
                           .group:00000000 wm4._newlib_version.h.4.411db44ea2338a62eca2f0777f81481b
                           .group:00000000 wm4.features.h.33.e0c9f337c65cb9f22ed5f23d082bc78b
                           .group:00000000 wm4._default_types.h.15.247e5cd201eca3442cbf5404108c4935
                           .group:00000000 wm4._intsup.h.10.48bafbb683905c4daa4565a85aeeb264
                           .group:00000000 wm4._stdint.h.10.c24fa3af3bc1706662bb5593a907e841
                           .group:00000000 wm4.stdint.h.23.d53047a68f4a85177f80b422d52785ed
                           .group:00000000 wm4.FreeRTOS.h.59.647b1b0da38e4e98108aae13c8abe9ee
                           .group:00000000 wm4.newlib.h.7.a37ffbe9e5aff74303f4e60b1cc1c01b
                           .group:00000000 wm4.ieeefp.h.77.bd5feb87d9990dd328793ced294f6a87
                           .group:00000000 wm4.config.h.224.10ee1ad185d877c6e334e6581faab44d
                           .group:00000000 wm4._ansi.h.31.de524f58584151836e90d8620a16f8e8
                           .group:00000000 wm4.assert.h.11.db24e541f16414db224bf986d21017e2
                           .group:00000000 wm4.FreeRTOSConfig.h.59.2629c72cff9e6dbe880a2dc225eae516
                           .group:00000000 wm4.FreeRTOS.h.80.7742fabaf5accf3762dc12f7f259a8a0
                           .group:00000000 wm4.projdefs.h.30.55a824156f299c075c33148a9fdadb99
                           .group:00000000 wm4.portmacro.h.30.cbb4b2da41f551c2a9904f0d03a1ce3e
                           .group:00000000 wm4.portmacrocommon.h.30.d5cb67896ab50a95311be7e023da5c4f
                           .group:00000000 wm4.portmacro.h.68.4051ecf710d074fb55b16d91dfebeeaa
                           .group:00000000 wm4.portable.h.61.d557c57974d490f056246a26cdcddd6c
                           .group:00000000 wm4.mpu_wrappers.h.30.ccc5f1a6903f941a88c268f5f62af3fe
                           .group:00000000 wm4.portable.h.189.522b8bd52a171d3fd1432ef06d0caa63
                           .group:00000000 wm4.FreeRTOS.h.102.fb871f3e464d99c5a57b3115545a02ad
                           .group:00000000 wm4.list.h.59.bce6419520cd4f5f98779a1530bf2118
                           .group:00000000 wm4.task.h.56.84290139c73b47f5b9aac361361a2a31
                           .group:00000000 wm4.croutine.h.30.ad80c76a95a2ffe41c97ab87d7edd993

NO UNDEFINED SYMBOLS
