ARM GAS  C:\Users\DJESSOU\AppData\Local\Temp\ccTsa71g.s 			page 1


   1              		.arch armv8.1-m.main
   2              		.fpu fpv5-d16
   3              		.arch_extension dsp
   4              		.arch_extension fp
   5              		.arch_extension fp.dp
   6              		.arch_extension mve
   7              		.arch_extension mve.fp
   8              		.eabi_attribute 5, "cortex-m55"
   9              		.eabi_attribute 28, 1
  10              		.eabi_attribute 20, 1
  11              		.eabi_attribute 21, 1
  12              		.eabi_attribute 23, 3
  13              		.eabi_attribute 24, 1
  14              		.eabi_attribute 25, 1
  15              		.eabi_attribute 26, 1
  16              		.eabi_attribute 30, 4
  17              		.eabi_attribute 34, 1
  18              		.eabi_attribute 38, 1
  19              		.eabi_attribute 18, 4
  20              		.file	"stm32n6xx_it.c"
  21              		.text
  22              	.Ltext0:
  23              		.cfi_sections	.debug_frame
  24              		.file 1 "Src/stm32n6xx_it.c"
  25              		.section	.text.NMI_Handler,"ax",%progbits
  26              		.align	1
  27              		.global	NMI_Handler
  28              		.syntax unified
  29              		.thumb
  30              		.thumb_func
  32              	NMI_Handler:
  33              	.LFB865:
   1:Src/stm32n6xx_it.c ****  /**
   2:Src/stm32n6xx_it.c ****  ******************************************************************************
   3:Src/stm32n6xx_it.c ****  * @file    stm32n6xx_it.c
   4:Src/stm32n6xx_it.c ****  * @author  GPM Application Team
   5:Src/stm32n6xx_it.c ****  *
   6:Src/stm32n6xx_it.c ****  ******************************************************************************
   7:Src/stm32n6xx_it.c ****  * @attention
   8:Src/stm32n6xx_it.c ****  *
   9:Src/stm32n6xx_it.c ****  * Copyright (c) 2023 STMicroelectronics.
  10:Src/stm32n6xx_it.c ****  * All rights reserved.
  11:Src/stm32n6xx_it.c ****  *
  12:Src/stm32n6xx_it.c ****  * This software is licensed under terms that can be found in the LICENSE file
  13:Src/stm32n6xx_it.c ****  * in the root directory of this software component.
  14:Src/stm32n6xx_it.c ****  * If no LICENSE file comes with this software, it is provided AS-IS.
  15:Src/stm32n6xx_it.c ****  *
  16:Src/stm32n6xx_it.c ****  ******************************************************************************
  17:Src/stm32n6xx_it.c ****  */
  18:Src/stm32n6xx_it.c **** 
  19:Src/stm32n6xx_it.c **** /* Includes ------------------------------------------------------------------*/
  20:Src/stm32n6xx_it.c **** #include "stm32n6xx_hal.h"
  21:Src/stm32n6xx_it.c **** #include "stm32n6xx_it.h"
  22:Src/stm32n6xx_it.c **** 
  23:Src/stm32n6xx_it.c **** #include "cmw_camera.h"
  24:Src/stm32n6xx_it.c **** extern GPU2D_HandleTypeDef hgpu2d;
  25:Src/stm32n6xx_it.c **** 
ARM GAS  C:\Users\DJESSOU\AppData\Local\Temp\ccTsa71g.s 			page 2


  26:Src/stm32n6xx_it.c **** /**
  27:Src/stm32n6xx_it.c ****   * @brief   This function handles NMI exception.
  28:Src/stm32n6xx_it.c ****   * @param  None
  29:Src/stm32n6xx_it.c ****   * @retval None
  30:Src/stm32n6xx_it.c ****   */
  31:Src/stm32n6xx_it.c **** void NMI_Handler(void)
  32:Src/stm32n6xx_it.c **** {
  34              		.loc 1 32 1 view -0
  35              		.cfi_startproc
  36              		@ args = 0, pretend = 0, frame = 0
  37              		@ frame_needed = 0, uses_anonymous_args = 0
  38              		@ link register save eliminated.
  33:Src/stm32n6xx_it.c **** }
  39              		.loc 1 33 1 view .LVU1
  40 0000 7047     		bx	lr
  41              		.cfi_endproc
  42              	.LFE865:
  44              		.section	.text.MemManage_Handler,"ax",%progbits
  45              		.align	1
  46              		.global	MemManage_Handler
  47              		.syntax unified
  48              		.thumb
  49              		.thumb_func
  51              	MemManage_Handler:
  52              	.LFB866:
  34:Src/stm32n6xx_it.c **** 
  35:Src/stm32n6xx_it.c **** /**
  36:Src/stm32n6xx_it.c ****   * @brief  This function handles Memory Manage exception.
  37:Src/stm32n6xx_it.c ****   * @param  None
  38:Src/stm32n6xx_it.c ****   * @retval None
  39:Src/stm32n6xx_it.c ****   */
  40:Src/stm32n6xx_it.c **** void MemManage_Handler(void)
  41:Src/stm32n6xx_it.c **** {
  53              		.loc 1 41 1 view -0
  54              		.cfi_startproc
  55              		@ Volatile: function does not return.
  56              		@ args = 0, pretend = 0, frame = 0
  57              		@ frame_needed = 0, uses_anonymous_args = 0
  58              		@ link register save eliminated.
  59              	.L3:
  42:Src/stm32n6xx_it.c ****   /* Go to infinite loop when Memory Manage exception occurs */
  43:Src/stm32n6xx_it.c ****   while (1)
  60              		.loc 1 43 3 view .LVU3
  44:Src/stm32n6xx_it.c ****   {
  45:Src/stm32n6xx_it.c ****   }
  61              		.loc 1 45 3 view .LVU4
  43:Src/stm32n6xx_it.c ****   {
  62              		.loc 1 43 9 view .LVU5
  63 0000 FEE7     		b	.L3
  64              		.cfi_endproc
  65              	.LFE866:
  67              		.section	.text.BusFault_Handler,"ax",%progbits
  68              		.align	1
  69              		.global	BusFault_Handler
  70              		.syntax unified
  71              		.thumb
  72              		.thumb_func
ARM GAS  C:\Users\DJESSOU\AppData\Local\Temp\ccTsa71g.s 			page 3


  74              	BusFault_Handler:
  75              	.LFB867:
  46:Src/stm32n6xx_it.c **** }
  47:Src/stm32n6xx_it.c **** 
  48:Src/stm32n6xx_it.c **** /**
  49:Src/stm32n6xx_it.c ****   * @brief  This function handles Bus Fault exception.
  50:Src/stm32n6xx_it.c ****   * @param  None
  51:Src/stm32n6xx_it.c ****   * @retval None
  52:Src/stm32n6xx_it.c ****   */
  53:Src/stm32n6xx_it.c **** void BusFault_Handler(void)
  54:Src/stm32n6xx_it.c **** {
  76              		.loc 1 54 1 view -0
  77              		.cfi_startproc
  78              		@ Volatile: function does not return.
  79              		@ args = 0, pretend = 0, frame = 0
  80              		@ frame_needed = 0, uses_anonymous_args = 0
  81              		@ link register save eliminated.
  82              	.L5:
  55:Src/stm32n6xx_it.c ****   /* Go to infinite loop when Bus Fault exception occurs */
  56:Src/stm32n6xx_it.c ****   while (1)
  83              		.loc 1 56 3 view .LVU7
  57:Src/stm32n6xx_it.c ****   {
  58:Src/stm32n6xx_it.c ****   }
  84              		.loc 1 58 3 view .LVU8
  56:Src/stm32n6xx_it.c ****   {
  85              		.loc 1 56 9 view .LVU9
  86 0000 FEE7     		b	.L5
  87              		.cfi_endproc
  88              	.LFE867:
  90              		.section	.text.SecureFault_Handler,"ax",%progbits
  91              		.align	1
  92              		.global	SecureFault_Handler
  93              		.syntax unified
  94              		.thumb
  95              		.thumb_func
  97              	SecureFault_Handler:
  98              	.LFB868:
  59:Src/stm32n6xx_it.c **** }
  60:Src/stm32n6xx_it.c **** 
  61:Src/stm32n6xx_it.c **** /**
  62:Src/stm32n6xx_it.c ****   * @brief  This function handles Secure Fault exception.
  63:Src/stm32n6xx_it.c ****   * @param  None
  64:Src/stm32n6xx_it.c ****   * @retval None
  65:Src/stm32n6xx_it.c ****   */
  66:Src/stm32n6xx_it.c **** void SecureFault_Handler(void)
  67:Src/stm32n6xx_it.c **** {
  99              		.loc 1 67 1 view -0
 100              		.cfi_startproc
 101              		@ Volatile: function does not return.
 102              		@ args = 0, pretend = 0, frame = 0
 103              		@ frame_needed = 0, uses_anonymous_args = 0
 104              		@ link register save eliminated.
 105              	.L7:
  68:Src/stm32n6xx_it.c ****   /* Go to infinite loop when Secure Fault exception occurs */
  69:Src/stm32n6xx_it.c ****   while (1)
 106              		.loc 1 69 3 view .LVU11
  70:Src/stm32n6xx_it.c ****   {
ARM GAS  C:\Users\DJESSOU\AppData\Local\Temp\ccTsa71g.s 			page 4


  71:Src/stm32n6xx_it.c ****   }
 107              		.loc 1 71 3 view .LVU12
  69:Src/stm32n6xx_it.c ****   {
 108              		.loc 1 69 9 view .LVU13
 109 0000 FEE7     		b	.L7
 110              		.cfi_endproc
 111              	.LFE868:
 113              		.section	.text.DebugMon_Handler,"ax",%progbits
 114              		.align	1
 115              		.global	DebugMon_Handler
 116              		.syntax unified
 117              		.thumb
 118              		.thumb_func
 120              	DebugMon_Handler:
 121              	.LFB869:
  72:Src/stm32n6xx_it.c **** }
  73:Src/stm32n6xx_it.c **** 
  74:Src/stm32n6xx_it.c **** /**
  75:Src/stm32n6xx_it.c ****   * @brief  This function handles Debug Monitor exception.
  76:Src/stm32n6xx_it.c ****   * @param  None
  77:Src/stm32n6xx_it.c ****   * @retval None
  78:Src/stm32n6xx_it.c ****   */
  79:Src/stm32n6xx_it.c **** void DebugMon_Handler(void)
  80:Src/stm32n6xx_it.c **** {
 122              		.loc 1 80 1 view -0
 123              		.cfi_startproc
 124              		@ Volatile: function does not return.
 125              		@ args = 0, pretend = 0, frame = 0
 126              		@ frame_needed = 0, uses_anonymous_args = 0
 127              		@ link register save eliminated.
 128              	.L9:
  81:Src/stm32n6xx_it.c ****   while (1)
 129              		.loc 1 81 3 view .LVU15
  82:Src/stm32n6xx_it.c ****   {
  83:Src/stm32n6xx_it.c ****   }
 130              		.loc 1 83 3 view .LVU16
  81:Src/stm32n6xx_it.c ****   while (1)
 131              		.loc 1 81 9 view .LVU17
 132 0000 FEE7     		b	.L9
 133              		.cfi_endproc
 134              	.LFE869:
 136              		.section	.text.CSI_IRQHandler,"ax",%progbits
 137              		.align	1
 138              		.global	CSI_IRQHandler
 139              		.syntax unified
 140              		.thumb
 141              		.thumb_func
 143              	CSI_IRQHandler:
 144              	.LFB870:
  84:Src/stm32n6xx_it.c **** }
  85:Src/stm32n6xx_it.c **** 
  86:Src/stm32n6xx_it.c **** /******************************************************************************/
  87:Src/stm32n6xx_it.c **** /*                 STM32N6xx Peripherals Interrupt Handlers                   */
  88:Src/stm32n6xx_it.c **** /*  Add here the Interrupt Handler for the used peripheral(s) (PPP), for the  */
  89:Src/stm32n6xx_it.c **** /*  available peripheral interrupt handler's name please refer to the startup */
  90:Src/stm32n6xx_it.c **** /*  file (startup_stm32n6xx.s).                                               */
  91:Src/stm32n6xx_it.c **** /******************************************************************************/
ARM GAS  C:\Users\DJESSOU\AppData\Local\Temp\ccTsa71g.s 			page 5


  92:Src/stm32n6xx_it.c **** 
  93:Src/stm32n6xx_it.c **** void CSI_IRQHandler(void)
  94:Src/stm32n6xx_it.c **** {
 145              		.loc 1 94 1 view -0
 146              		.cfi_startproc
 147              		@ args = 0, pretend = 0, frame = 0
 148              		@ frame_needed = 0, uses_anonymous_args = 0
  95:Src/stm32n6xx_it.c ****   HAL_DCMIPP_CSI_IRQHandler(CMW_CAMERA_GetDCMIPPHandle());
 149              		.loc 1 95 3 view .LVU19
  94:Src/stm32n6xx_it.c ****   HAL_DCMIPP_CSI_IRQHandler(CMW_CAMERA_GetDCMIPPHandle());
 150              		.loc 1 94 1 is_stmt 0 view .LVU20
 151 0000 08B5     		push	{r3, lr}
 152              		.cfi_def_cfa_offset 8
 153              		.cfi_offset 3, -8
 154              		.cfi_offset 14, -4
 155              		.loc 1 95 3 view .LVU21
 156 0002 FFF7FEFF 		bl	CMW_CAMERA_GetDCMIPPHandle
 157              	.LVL0:
  96:Src/stm32n6xx_it.c **** }
 158              		.loc 1 96 1 view .LVU22
 159 0006 BDE80840 		pop	{r3, lr}
 160              		.cfi_restore 14
 161              		.cfi_restore 3
 162              		.cfi_def_cfa_offset 0
  95:Src/stm32n6xx_it.c ****   HAL_DCMIPP_CSI_IRQHandler(CMW_CAMERA_GetDCMIPPHandle());
 163              		.loc 1 95 3 discriminator 1 view .LVU23
 164 000a FFF7FEBF 		b	HAL_DCMIPP_CSI_IRQHandler
 165              	.LVL1:
 166              		.cfi_endproc
 167              	.LFE870:
 169              		.section	.text.DCMIPP_IRQHandler,"ax",%progbits
 170              		.align	1
 171              		.global	DCMIPP_IRQHandler
 172              		.syntax unified
 173              		.thumb
 174              		.thumb_func
 176              	DCMIPP_IRQHandler:
 177              	.LFB871:
  97:Src/stm32n6xx_it.c **** 
  98:Src/stm32n6xx_it.c **** void DCMIPP_IRQHandler(void)
  99:Src/stm32n6xx_it.c **** {
 178              		.loc 1 99 1 is_stmt 1 view -0
 179              		.cfi_startproc
 180              		@ args = 0, pretend = 0, frame = 0
 181              		@ frame_needed = 0, uses_anonymous_args = 0
 100:Src/stm32n6xx_it.c ****   HAL_DCMIPP_IRQHandler(CMW_CAMERA_GetDCMIPPHandle());
 182              		.loc 1 100 3 view .LVU25
  99:Src/stm32n6xx_it.c ****   HAL_DCMIPP_IRQHandler(CMW_CAMERA_GetDCMIPPHandle());
 183              		.loc 1 99 1 is_stmt 0 view .LVU26
 184 0000 08B5     		push	{r3, lr}
 185              		.cfi_def_cfa_offset 8
 186              		.cfi_offset 3, -8
 187              		.cfi_offset 14, -4
 188              		.loc 1 100 3 view .LVU27
 189 0002 FFF7FEFF 		bl	CMW_CAMERA_GetDCMIPPHandle
 190              	.LVL2:
 101:Src/stm32n6xx_it.c **** }
ARM GAS  C:\Users\DJESSOU\AppData\Local\Temp\ccTsa71g.s 			page 6


 191              		.loc 1 101 1 view .LVU28
 192 0006 BDE80840 		pop	{r3, lr}
 193              		.cfi_restore 14
 194              		.cfi_restore 3
 195              		.cfi_def_cfa_offset 0
 100:Src/stm32n6xx_it.c ****   HAL_DCMIPP_IRQHandler(CMW_CAMERA_GetDCMIPPHandle());
 196              		.loc 1 100 3 discriminator 1 view .LVU29
 197 000a FFF7FEBF 		b	HAL_DCMIPP_IRQHandler
 198              	.LVL3:
 199              		.cfi_endproc
 200              	.LFE871:
 202              		.section	.text.GPU2D_IRQHandler,"ax",%progbits
 203              		.align	1
 204              		.global	GPU2D_IRQHandler
 205              		.syntax unified
 206              		.thumb
 207              		.thumb_func
 209              	GPU2D_IRQHandler:
 210              	.LFB872:
 102:Src/stm32n6xx_it.c **** 
 103:Src/stm32n6xx_it.c **** void GPU2D_IRQHandler(void)
 104:Src/stm32n6xx_it.c **** {
 211              		.loc 1 104 1 is_stmt 1 view -0
 212              		.cfi_startproc
 213              		@ args = 0, pretend = 0, frame = 0
 214              		@ frame_needed = 0, uses_anonymous_args = 0
 215              		@ link register save eliminated.
 105:Src/stm32n6xx_it.c ****   HAL_GPU2D_IRQHandler(&hgpu2d);
 216              		.loc 1 105 3 view .LVU31
 217 0000 0148     		ldr	r0, .L13
 218 0002 FFF7FEBF 		b	HAL_GPU2D_IRQHandler
 219              	.LVL4:
 220              	.L14:
 221 0006 00BF     		.align	2
 222              	.L13:
 223 0008 00000000 		.word	hgpu2d
 224              		.cfi_endproc
 225              	.LFE872:
 227              		.section	.text.GPU2D_ER_IRQHandler,"ax",%progbits
 228              		.align	1
 229              		.global	GPU2D_ER_IRQHandler
 230              		.syntax unified
 231              		.thumb
 232              		.thumb_func
 234              	GPU2D_ER_IRQHandler:
 235              	.LFB873:
 106:Src/stm32n6xx_it.c **** }
 107:Src/stm32n6xx_it.c **** 
 108:Src/stm32n6xx_it.c **** void GPU2D_ER_IRQHandler(void)
 109:Src/stm32n6xx_it.c **** {
 236              		.loc 1 109 1 view -0
 237              		.cfi_startproc
 238              		@ args = 0, pretend = 0, frame = 0
 239              		@ frame_needed = 0, uses_anonymous_args = 0
 240              		@ link register save eliminated.
 110:Src/stm32n6xx_it.c ****   HAL_GPU2D_ER_IRQHandler(&hgpu2d);
 241              		.loc 1 110 3 view .LVU33
ARM GAS  C:\Users\DJESSOU\AppData\Local\Temp\ccTsa71g.s 			page 7


 242 0000 0148     		ldr	r0, .L16
 243 0002 FFF7FEBF 		b	HAL_GPU2D_ER_IRQHandler
 244              	.LVL5:
 245              	.L17:
 246 0006 00BF     		.align	2
 247              	.L16:
 248 0008 00000000 		.word	hgpu2d
 249              		.cfi_endproc
 250              	.LFE873:
 252              		.text
 253              	.Letext0:
 254              		.file 2 "C:\\ST\\STM32CubeIDE_1.18.1\\STM32CubeIDE\\plugins\\com.st.stm32cube.ide.mcu.externaltool
 255              		.file 3 "C:\\ST\\STM32CubeIDE_1.18.1\\STM32CubeIDE\\plugins\\com.st.stm32cube.ide.mcu.externaltool
 256              		.file 4 "STM32Cube_FW_N6/Drivers/CMSIS/Device/ST/STM32N6xx/Include/stm32n657xx.h"
 257              		.file 5 "STM32Cube_FW_N6/Drivers/STM32N6xx_HAL_Driver/Inc/stm32n6xx_hal_def.h"
 258              		.file 6 "STM32Cube_FW_N6/Drivers/STM32N6xx_HAL_Driver/Inc/stm32n6xx_hal_dcmipp.h"
 259              		.file 7 "STM32Cube_FW_N6/Drivers/STM32N6xx_HAL_Driver/Inc/stm32n6xx_hal_gpu2d.h"
 260              		.file 8 "Lib/Camera_Middleware/cmw_camera.h"
ARM GAS  C:\Users\DJESSOU\AppData\Local\Temp\ccTsa71g.s 			page 8


DEFINED SYMBOLS
                            *ABS*:00000000 stm32n6xx_it.c
C:\Users\DJESSOU\AppData\Local\Temp\ccTsa71g.s:26     .text.NMI_Handler:00000000 $t
C:\Users\DJESSOU\AppData\Local\Temp\ccTsa71g.s:32     .text.NMI_Handler:00000000 NMI_Handler
C:\Users\DJESSOU\AppData\Local\Temp\ccTsa71g.s:45     .text.MemManage_Handler:00000000 $t
C:\Users\DJESSOU\AppData\Local\Temp\ccTsa71g.s:51     .text.MemManage_Handler:00000000 MemManage_Handler
C:\Users\DJESSOU\AppData\Local\Temp\ccTsa71g.s:68     .text.BusFault_Handler:00000000 $t
C:\Users\DJESSOU\AppData\Local\Temp\ccTsa71g.s:74     .text.BusFault_Handler:00000000 BusFault_Handler
C:\Users\DJESSOU\AppData\Local\Temp\ccTsa71g.s:91     .text.SecureFault_Handler:00000000 $t
C:\Users\DJESSOU\AppData\Local\Temp\ccTsa71g.s:97     .text.SecureFault_Handler:00000000 SecureFault_Handler
C:\Users\DJESSOU\AppData\Local\Temp\ccTsa71g.s:114    .text.DebugMon_Handler:00000000 $t
C:\Users\DJESSOU\AppData\Local\Temp\ccTsa71g.s:120    .text.DebugMon_Handler:00000000 DebugMon_Handler
C:\Users\DJESSOU\AppData\Local\Temp\ccTsa71g.s:137    .text.CSI_IRQHandler:00000000 $t
C:\Users\DJESSOU\AppData\Local\Temp\ccTsa71g.s:143    .text.CSI_IRQHandler:00000000 CSI_IRQHandler
C:\Users\DJESSOU\AppData\Local\Temp\ccTsa71g.s:170    .text.DCMIPP_IRQHandler:00000000 $t
C:\Users\DJESSOU\AppData\Local\Temp\ccTsa71g.s:176    .text.DCMIPP_IRQHandler:00000000 DCMIPP_IRQHandler
C:\Users\DJESSOU\AppData\Local\Temp\ccTsa71g.s:203    .text.GPU2D_IRQHandler:00000000 $t
C:\Users\DJESSOU\AppData\Local\Temp\ccTsa71g.s:209    .text.GPU2D_IRQHandler:00000000 GPU2D_IRQHandler
C:\Users\DJESSOU\AppData\Local\Temp\ccTsa71g.s:223    .text.GPU2D_IRQHandler:00000008 $d
C:\Users\DJESSOU\AppData\Local\Temp\ccTsa71g.s:228    .text.GPU2D_ER_IRQHandler:00000000 $t
C:\Users\DJESSOU\AppData\Local\Temp\ccTsa71g.s:234    .text.GPU2D_ER_IRQHandler:00000000 GPU2D_ER_IRQHandler
C:\Users\DJESSOU\AppData\Local\Temp\ccTsa71g.s:248    .text.GPU2D_ER_IRQHandler:00000008 $d
                           .group:00000000 wm4.0.c530a555507323ed657a04d5a22acbf4
                           .group:00000000 wm4.stm32n6xx_hal_conf.h.21.004a06df6e15ac197e03f723792da58a
                           .group:00000000 wm4.stddef.h.39.0dc9006b34572d4d9cae4c8b422c4971
                           .group:00000000 wm4.arm_cmse.h.103.a0d15a79c4c9a67da8d5831704d7248e
                           .group:00000000 wm4.stm32n6xx.h.34.c523a1ffdf274a69e8802892c6776332
                           .group:00000000 wm4.stm32n657xx.h.26.acd272cb67318cc1a4791ce2f0720ca6
                           .group:00000000 wm4._newlib_version.h.4.411db44ea2338a62eca2f0777f81481b
                           .group:00000000 wm4.features.h.33.e0c9f337c65cb9f22ed5f23d082bc78b
                           .group:00000000 wm4._default_types.h.15.247e5cd201eca3442cbf5404108c4935
                           .group:00000000 wm4._intsup.h.10.48bafbb683905c4daa4565a85aeeb264
                           .group:00000000 wm4._stdint.h.10.c24fa3af3bc1706662bb5593a907e841
                           .group:00000000 wm4.stdint.h.23.d53047a68f4a85177f80b422d52785ed
                           .group:00000000 wm4.cmsis_version.h.30.d128735bf87720f7436b74fefeb5043c
                           .group:00000000 wm4.core_cm55.h.67.25006a3ce7048d64bcddd2996d5fac93
                           .group:00000000 wm4.arm_acle.h.28.ce8f475a5cc50333e54ae4adeb8c0298
                           .group:00000000 wm4.cmsis_gcc.h.39.eba7438bc45fd1a6e6376b63ffe44436
                           .group:00000000 wm4.cmsis_gcc_m.h.24.e590ec51aeda3a1242400351d73f5dce
                           .group:00000000 wm4.core_cm55.h.213.0528f46a674315ef8d35c4477e230358
                           .group:00000000 wm4.armv8m_mpu.h.24.bf28cc25bee30a7ff9d2f7a44a5e2230
                           .group:00000000 wm4.armv8m_pmu.h.24.6ded195d2625055391fd378c0e1d2519
                           .group:00000000 wm4.core_cm55.h.4477.396e822ef855bcfb932819ad48de1c4c
                           .group:00000000 wm4.armv7m_cachel1.h.24.936dd92d6e204a8d0b17d5e4ea4a356e
                           .group:00000000 wm4.stm32n657xx.h.575.78d331c417ec710388ced647138f735f
                           .group:00000000 wm4.stm32n6xx.h.116.b4247d9785590e7c5ec9234ffb2153bf
                           .group:00000000 wm4.stm32_hal_legacy.h.22.e62aae2fd3ae33360b6781c8a72e5b18
                           .group:00000000 wm4.newlib.h.7.a37ffbe9e5aff74303f4e60b1cc1c01b
                           .group:00000000 wm4.ieeefp.h.77.bd5feb87d9990dd328793ced294f6a87
                           .group:00000000 wm4.config.h.224.10ee1ad185d877c6e334e6581faab44d
                           .group:00000000 wm4._ansi.h.31.de524f58584151836e90d8620a16f8e8
                           .group:00000000 wm4.cdefs.h.49.70fc7af612f78ddcace70fdd90b5623b
                           .group:00000000 wm4._types.h.20.dd0d04dca3800a0d2a6129b87f3adbb2
                           .group:00000000 wm4.stddef.h.158.6f8e08a347b1cff664332fa350bfceb3
                           .group:00000000 wm4._types.h.127.3bdfe3ff8ea2d0985b03d9cbe93480e3
                           .group:00000000 wm4.reent.h.18.25503cdc8b7e55dd0d6ea7b3e5af7a03
                           .group:00000000 wm4.lock.h.2.1461d1fff82dffe8bfddc23307f6484f
ARM GAS  C:\Users\DJESSOU\AppData\Local\Temp\ccTsa71g.s 			page 9


                           .group:00000000 wm4.reent.h.78.6b87466b04591b1f1cb88c14fdf2ba9e
                           .group:00000000 wm4.math.h.13.47cfc34cae8a1153323939c4d32cf7c2
                           .group:00000000 wm4.stm32n6xx_hal_def.h.63.3a8f01490e8852464e9fcb69092e9c75
                           .group:00000000 wm4.stm32n6xx_ll_bus.h.38.2366a295ee4cdb04833997d3787fcd2d
                           .group:00000000 wm4.stm32n6xx_ll_rcc.h.21.656bd5637db608589ad16ea57d39430c
                           .group:00000000 wm4.stm32n6xx_hal_rcc.h.194.69b522b1afdf59a82d05a1f71efe03c7
                           .group:00000000 wm4.stm32n6xx_hal_rcc_ex.h.21.cc6be0a7d168882a1a6f470236ba784c
                           .group:00000000 wm4.stm32n6xx_hal_rcc.h.4361.4b490a4a19722e68c21f88cb8a774a30
                           .group:00000000 wm4.stm32n6xx_hal_gpio.h.21.89d54af663b98eb8fc098192053f7eeb
                           .group:00000000 wm4.stm32n6xx_hal_gpio_ex.h.22.f7e795fb05a69a19b87d946b47c8db8b
                           .group:00000000 wm4.stm32n6xx_hal_rif.h.21.33f2c553a8a3fc14dca8c470b213ab19
                           .group:00000000 wm4.stm32n6xx_hal_dma.h.21.61e48c5c2e8d25d22177834b232fe45c
                           .group:00000000 wm4.stm32n6xx_hal_dma_ex.h.21.82f854ecdb6a463b06d0b4e5c217c368
                           .group:00000000 wm4.stm32n6xx_hal_dma.h.1020.87e2180c009560b617c1f8208140c950
                           .group:00000000 wm4.stm32n6xx_hal_cortex.h.21.f493623cc58f9454ab4eae41e395c5cc
                           .group:00000000 wm4.stm32n6xx_hal_bsec.h.21.1ee89319140541f82434908b4267aa30
                           .group:00000000 wm4.stm32n6xx_hal_dcmipp.h.21.e2b87dce83d7d722d696a597f6ac56bf
                           .group:00000000 wm4.stm32n6xx_hal_dma2d.h.21.75c8d46cdbb72970123b3f34ae2043d7
                           .group:00000000 wm4.stm32n6xx_hal_exti.h.21.e0efb23591051684dc14f1f2431c6aab
                           .group:00000000 wm4.stm32n6xx_hal_gfxmmu.h.21.9784a9103143d48bd3c37389d0e0b8e6
                           .group:00000000 wm4.stm32n6xx_hal_i2c.h.21.3f483626ff64c5bf027265bb2e1d1331
                           .group:00000000 wm4.stm32n6xx_hal_i2c_ex.h.21.79e9196c22282cdaf6b4047893638c45
                           .group:00000000 wm4.stm32n6xx_hal_i2c.h.741.1084702632703acc669e4282b3043372
                           .group:00000000 wm4.stm32n6xx_hal_icache.h.21.194b4ec6e76f32b14f65c85616854850
                           .group:00000000 wm4.stm32n6xx_hal_ltdc.h.21.ae1eb09930e7e550e48e418ac5849e4d
                           .group:00000000 wm4.stm32n6xx_hal_ltdc.h.1002.b13ede7fc94ed5ad1c6768a157d2149a
                           .group:00000000 wm4.stm32n6xx_ll_usb.h.21.daaf86158046f2cf02166c495d637480
                           .group:00000000 wm4.stm32n6xx_hal_pcd.h.155.27040aac6844effe2af8c180caf1dd2e
                           .group:00000000 wm4.stm32n6xx_hal_pwr.h.21.cdb73e4869c3fed3fc84f901ec0e5f0a
                           .group:00000000 wm4.stm32n6xx_hal_pwr_ex.h.21.1a673224a58b0c1e5fad8eeda6514208
                           .group:00000000 wm4.stm32n6xx_hal_ramcfg.h.21.a62dfbb4d2c14e9a8c634a215e37bd3d
                           .group:00000000 wm4.stm32n6xx_hal_spi.h.21.9f810303326e2d91749800e9911f8e4d
                           .group:00000000 wm4.stm32n6xx_hal_spi.h.906.8ad9375f39dce09dc0a4db0025ee7a76
                           .group:00000000 wm4.stm32n6xx_hal_tim.h.21.839dd2b2a70382fb2c44f8f293a84d5f
                           .group:00000000 wm4.stm32n6xx_hal_tim_ex.h.21.e372d5ac63c13441211ea4ecbd353150
                           .group:00000000 wm4.stm32n6xx_hal_uart.h.21.230f549bfa0d5ebfd77bfb311b2aca15
                           .group:00000000 wm4.stm32n6xx_hal_uart_ex.h.21.a0d5511e1d0703b7b5278c8f5472b96d
                           .group:00000000 wm4.stm32n6xx_hal_xspi.h.21.7fd922d3bdb871475cf18436a68935bb
                           .group:00000000 wm4.stm32n6xx_hal_cacheaxi.h.21.7c3375b7903ec42376e4883320997f74
                           .group:00000000 wm4.stm32n6xx_hal_gpu2d.h.21.48d0249122abad294a630c39cc4ebaed
                           .group:00000000 wm4.stm32n6xx_hal.h.81.e79d59262ba173c33cf1d69281830d15
                           .group:00000000 wm4.cmw_errno.h.21.91021ac9b2627a1ce6b8517d105715d1
                           .group:00000000 wm4.stm32n6570_discovery_conf.h.21.f52c8202689527a3dc0d9c6cba9c0416
                           .group:00000000 wm4.stm32n6570_discovery_errno.h.22.80e523b09444a11ebe4b6e24ae914f0e
                           .group:00000000 wm4.stm32n6570_discovery_bus.h.62.3b5b2c6837f7adeb489604fa214cd371
                           .group:00000000 wm4.isp_conf.h.21.bfb1d020517608810095aa56acf25d1e
                           .group:00000000 wm4.stdio.h.27.3fc80220048df77954e38daec3bb9670
                           .group:00000000 wm4.stddef.h.158.eec8bf00b5213f43d095cb984c5f22e3
                           .group:00000000 wm4.stdarg.h.34.3a23a216c0c293b3d2ea2e89281481e6
                           .group:00000000 wm4.stdio.h.47.dc31ec4674d7bcb103c9f08809549f45
                           .group:00000000 wm4.stdio.h.2.4aa87247282eca6c8f36f9de33d8df1a
                           .group:00000000 wm4.stdio.h.87.a1e20d2651f9bfb66e51bfbe849db00a
                           .group:00000000 wm4.stdlib.h.13.4ed386f5c1a80d71e72172885d946ef2
                           .group:00000000 wm4.alloca.h.8.dfc0c703c47ec3e69746825b17d9e66d
                           .group:00000000 wm4.stdlib.h.56.f4862cfbf4363a1db01842d5bdf72c18
                           .group:00000000 wm4.string.h.8.c4b8571ce60dff2817f43fec8b86aecd
                           .group:00000000 wm4.string.h.177.59a005921fa78485abc80a0267de5752
ARM GAS  C:\Users\DJESSOU\AppData\Local\Temp\ccTsa71g.s 			page 10


                           .group:00000000 wm4.stdbool.h.29.c08aa3eec75cf5b9b5003883f43253f0
                           .group:00000000 wm4.isp_core.h.110.8c4344a3506ac8fadc31ee17c3f6f7d7
                           .group:00000000 wm4.cmw_camera.h.33.3e21b0797a1f24d8d61aeb33a948c5cd

UNDEFINED SYMBOLS
CMW_CAMERA_GetDCMIPPHandle
HAL_DCMIPP_CSI_IRQHandler
HAL_DCMIPP_IRQHandler
HAL_GPU2D_IRQHandler
hgpu2d
HAL_GPU2D_ER_IRQHandler
